[2017-03-14 10:43:25,631] DEBUG preRegister called. Server=com.sun.jmx.mbeanserver.JmxMBeanServer@66d3c617, name=log4j:logger=kafka.controller (kafka.controller)
[2017-03-14 10:45:11,873] INFO [Controller 0]: Controller starting up (kafka.controller.KafkaController)
[2017-03-14 10:45:11,968] INFO [Controller 0]: Broker 0 starting become controller state transition (kafka.controller.KafkaController)
[2017-03-14 10:45:12,064] INFO [Controller 0]: Controller 0 incremented epoch to 1 (kafka.controller.KafkaController)
[2017-03-14 10:45:12,067] DEBUG [Controller 0]: Registering IsrChangeNotificationListener (kafka.controller.KafkaController)
[2017-03-14 10:45:12,110] INFO [Controller 0]: Partitions undergoing preferred replica election:  (kafka.controller.KafkaController)
[2017-03-14 10:45:12,110] INFO [Controller 0]: Partitions that completed preferred replica election:  (kafka.controller.KafkaController)
[2017-03-14 10:45:12,111] INFO [Controller 0]: Resuming preferred replica election for partitions:  (kafka.controller.KafkaController)
[2017-03-14 10:45:12,118] INFO [Controller 0]: Partitions being reassigned: Map() (kafka.controller.KafkaController)
[2017-03-14 10:45:12,119] INFO [Controller 0]: Partitions already reassigned: Set() (kafka.controller.KafkaController)
[2017-03-14 10:45:12,121] INFO [Controller 0]: Resuming reassignment of partitions: Map() (kafka.controller.KafkaController)
[2017-03-14 10:45:12,147] INFO [Controller 0]: List of topics to be deleted:  (kafka.controller.KafkaController)
[2017-03-14 10:45:12,148] INFO [Controller 0]: List of topics ineligible for deletion:  (kafka.controller.KafkaController)
[2017-03-14 10:45:12,152] INFO [Controller 0]: Currently active brokers in the cluster: Set() (kafka.controller.KafkaController)
[2017-03-14 10:45:12,152] INFO [Controller 0]: Currently shutting brokers in the cluster: Set() (kafka.controller.KafkaController)
[2017-03-14 10:45:12,152] INFO [Controller 0]: Current list of topics in the cluster: Set() (kafka.controller.KafkaController)
[2017-03-14 10:45:12,176] INFO [Replica state machine on controller 0]: Started replica state machine with initial state -> Map() (kafka.controller.ReplicaStateMachine)
[2017-03-14 10:45:12,178] INFO [Partition state machine on Controller 0]: Started partition state machine with initial state -> Map() (kafka.controller.PartitionStateMachine)
[2017-03-14 10:45:12,179] INFO [Controller 0]: Broker 0 is ready to serve as the new controller with epoch 1 (kafka.controller.KafkaController)
[2017-03-14 10:45:12,180] INFO [Controller 0]: Starting preferred replica leader election for partitions  (kafka.controller.KafkaController)
[2017-03-14 10:45:12,181] INFO [Partition state machine on Controller 0]: Invoking state change to OnlinePartition for partitions  (kafka.controller.PartitionStateMachine)
[2017-03-14 10:45:12,222] INFO [Controller 0]: starting the partition rebalance scheduler (kafka.controller.KafkaController)
[2017-03-14 10:45:12,225] INFO [Controller 0]: Controller startup complete (kafka.controller.KafkaController)
[2017-03-14 10:45:12,339] INFO [BrokerChangeListener on Controller 0]: Broker change listener fired for path /brokers/ids with children 0 (kafka.controller.ReplicaStateMachine$BrokerChangeListener)
[2017-03-14 10:45:12,389] INFO [BrokerChangeListener on Controller 0]: Newly added brokers: 0, deleted brokers: , all live brokers: 0 (kafka.controller.ReplicaStateMachine$BrokerChangeListener)
[2017-03-14 10:45:12,389] DEBUG [Channel manager on controller 0]: Controller 0 trying to connect to broker 0 (kafka.controller.ControllerChannelManager)
[2017-03-14 10:45:12,396] INFO [Controller-0-to-broker-0-send-thread], Starting  (kafka.controller.RequestSendThread)
[2017-03-14 10:45:12,397] INFO [Controller 0]: New broker startup callback for 0 (kafka.controller.KafkaController)
[2017-03-14 10:45:12,402] INFO [Controller-0-to-broker-0-send-thread], Controller 0 connected to EII-L-S-02-02.aulas.uniovi.es:9092 (id: 0 rack: null) for sending state change requests (kafka.controller.RequestSendThread)
[2017-03-14 10:45:17,225] TRACE [Controller 0]: checking need to trigger partition rebalance (kafka.controller.KafkaController)
[2017-03-14 10:45:17,233] DEBUG [Controller 0]: preferred replicas by broker Map() (kafka.controller.KafkaController)
[2017-03-14 10:45:27,689] DEBUG [TopicChangeListener on Controller 0]: Topic change listener fired for path /brokers/topics with children springCloudBusOutput (kafka.controller.PartitionStateMachine$TopicChangeListener)
[2017-03-14 10:45:27,710] INFO [TopicChangeListener on Controller 0]: New topics: [Set(springCloudBusOutput)], deleted topics: [Set()], new partition replica assignment [Map([springCloudBusOutput,0] -> List(0))] (kafka.controller.PartitionStateMachine$TopicChangeListener)
[2017-03-14 10:45:27,713] INFO [Controller 0]: New topic creation callback for [springCloudBusOutput,0] (kafka.controller.KafkaController)
[2017-03-14 10:45:27,730] INFO [Controller 0]: New partition creation callback for [springCloudBusOutput,0] (kafka.controller.KafkaController)
[2017-03-14 10:45:27,737] INFO [Partition state machine on Controller 0]: Invoking state change to NewPartition for partitions [springCloudBusOutput,0] (kafka.controller.PartitionStateMachine)
[2017-03-14 10:45:27,743] INFO [Replica state machine on controller 0]: Invoking state change to NewReplica for replicas [Topic=springCloudBusOutput,Partition=0,Replica=0] (kafka.controller.ReplicaStateMachine)
[2017-03-14 10:45:27,749] INFO [Partition state machine on Controller 0]: Invoking state change to OnlinePartition for partitions [springCloudBusOutput,0] (kafka.controller.PartitionStateMachine)
[2017-03-14 10:45:27,751] DEBUG [Partition state machine on Controller 0]: Live assigned replicas for partition [springCloudBusOutput,0] are: [List(0)] (kafka.controller.PartitionStateMachine)
[2017-03-14 10:45:27,758] DEBUG [Partition state machine on Controller 0]: Initializing leader and isr for partition [springCloudBusOutput,0] to (Leader:0,ISR:0,LeaderEpoch:0,ControllerEpoch:1) (kafka.controller.PartitionStateMachine)
[2017-03-14 10:45:27,955] INFO [Replica state machine on controller 0]: Invoking state change to OnlineReplica for replicas [Topic=springCloudBusOutput,Partition=0,Replica=0] (kafka.controller.ReplicaStateMachine)
[2017-03-14 10:45:28,806] DEBUG [TopicChangeListener on Controller 0]: Topic change listener fired for path /brokers/topics with children springCloudBusOutput,springCloudBusInput (kafka.controller.PartitionStateMachine$TopicChangeListener)
[2017-03-14 10:45:28,811] INFO [TopicChangeListener on Controller 0]: New topics: [Set(springCloudBusInput)], deleted topics: [Set()], new partition replica assignment [Map([springCloudBusInput,0] -> List(0))] (kafka.controller.PartitionStateMachine$TopicChangeListener)
[2017-03-14 10:45:28,811] INFO [Controller 0]: New topic creation callback for [springCloudBusInput,0] (kafka.controller.KafkaController)
[2017-03-14 10:45:28,813] INFO [Controller 0]: New partition creation callback for [springCloudBusInput,0] (kafka.controller.KafkaController)
[2017-03-14 10:45:28,813] INFO [Partition state machine on Controller 0]: Invoking state change to NewPartition for partitions [springCloudBusInput,0] (kafka.controller.PartitionStateMachine)
[2017-03-14 10:45:28,814] INFO [Replica state machine on controller 0]: Invoking state change to NewReplica for replicas [Topic=springCloudBusInput,Partition=0,Replica=0] (kafka.controller.ReplicaStateMachine)
[2017-03-14 10:45:28,815] INFO [Partition state machine on Controller 0]: Invoking state change to OnlinePartition for partitions [springCloudBusInput,0] (kafka.controller.PartitionStateMachine)
[2017-03-14 10:45:28,815] DEBUG [Partition state machine on Controller 0]: Live assigned replicas for partition [springCloudBusInput,0] are: [List(0)] (kafka.controller.PartitionStateMachine)
[2017-03-14 10:45:28,815] DEBUG [Partition state machine on Controller 0]: Initializing leader and isr for partition [springCloudBusInput,0] to (Leader:0,ISR:0,LeaderEpoch:0,ControllerEpoch:1) (kafka.controller.PartitionStateMachine)
[2017-03-14 10:45:28,963] INFO [Replica state machine on controller 0]: Invoking state change to OnlineReplica for replicas [Topic=springCloudBusInput,Partition=0,Replica=0] (kafka.controller.ReplicaStateMachine)
[2017-03-14 10:45:29,387] DEBUG [TopicChangeListener on Controller 0]: Topic change listener fired for path /brokers/topics with children springCloudBusOutput,springCloudBusInput,__consumer_offsets (kafka.controller.PartitionStateMachine$TopicChangeListener)
[2017-03-14 10:45:29,421] INFO [TopicChangeListener on Controller 0]: New topics: [Set(__consumer_offsets)], deleted topics: [Set()], new partition replica assignment [Map([__consumer_offsets,19] -> List(0), [__consumer_offsets,30] -> List(0), [__consumer_offsets,47] -> List(0), [__consumer_offsets,29] -> List(0), [__consumer_offsets,41] -> List(0), [__consumer_offsets,39] -> List(0), [__consumer_offsets,10] -> List(0), [__consumer_offsets,17] -> List(0), [__consumer_offsets,14] -> List(0), [__consumer_offsets,40] -> List(0), [__consumer_offsets,18] -> List(0), [__consumer_offsets,26] -> List(0), [__consumer_offsets,0] -> List(0), [__consumer_offsets,24] -> List(0), [__consumer_offsets,33] -> List(0), [__consumer_offsets,20] -> List(0), [__consumer_offsets,21] -> List(0), [__consumer_offsets,3] -> List(0), [__consumer_offsets,5] -> List(0), [__consumer_offsets,22] -> List(0), [__consumer_offsets,12] -> List(0), [__consumer_offsets,8] -> List(0), [__consumer_offsets,23] -> List(0), [__consumer_offsets,15] -> List(0), [__consumer_offsets,48] -> List(0), [__consumer_offsets,11] -> List(0), [__consumer_offsets,13] -> List(0), [__consumer_offsets,49] -> List(0), [__consumer_offsets,6] -> List(0), [__consumer_offsets,28] -> List(0), [__consumer_offsets,4] -> List(0), [__consumer_offsets,37] -> List(0), [__consumer_offsets,31] -> List(0), [__consumer_offsets,44] -> List(0), [__consumer_offsets,42] -> List(0), [__consumer_offsets,34] -> List(0), [__consumer_offsets,46] -> List(0), [__consumer_offsets,25] -> List(0), [__consumer_offsets,45] -> List(0), [__consumer_offsets,27] -> List(0), [__consumer_offsets,32] -> List(0), [__consumer_offsets,43] -> List(0), [__consumer_offsets,36] -> List(0), [__consumer_offsets,35] -> List(0), [__consumer_offsets,7] -> List(0), [__consumer_offsets,9] -> List(0), [__consumer_offsets,38] -> List(0), [__consumer_offsets,1] -> List(0), [__consumer_offsets,16] -> List(0), [__consumer_offsets,2] -> List(0))] (kafka.controller.PartitionStateMachine$TopicChangeListener)
[2017-03-14 10:45:29,421] INFO [Controller 0]: New topic creation callback for [__consumer_offsets,19],[__consumer_offsets,30],[__consumer_offsets,47],[__consumer_offsets,29],[__consumer_offsets,41],[__consumer_offsets,39],[__consumer_offsets,10],[__consumer_offsets,17],[__consumer_offsets,14],[__consumer_offsets,40],[__consumer_offsets,18],[__consumer_offsets,26],[__consumer_offsets,0],[__consumer_offsets,24],[__consumer_offsets,33],[__consumer_offsets,20],[__consumer_offsets,21],[__consumer_offsets,3],[__consumer_offsets,5],[__consumer_offsets,22],[__consumer_offsets,12],[__consumer_offsets,8],[__consumer_offsets,23],[__consumer_offsets,15],[__consumer_offsets,48],[__consumer_offsets,11],[__consumer_offsets,13],[__consumer_offsets,49],[__consumer_offsets,6],[__consumer_offsets,28],[__consumer_offsets,4],[__consumer_offsets,37],[__consumer_offsets,31],[__consumer_offsets,44],[__consumer_offsets,42],[__consumer_offsets,34],[__consumer_offsets,46],[__consumer_offsets,25],[__consumer_offsets,45],[__consumer_offsets,27],[__consumer_offsets,32],[__consumer_offsets,43],[__consumer_offsets,36],[__consumer_offsets,35],[__consumer_offsets,7],[__consumer_offsets,9],[__consumer_offsets,38],[__consumer_offsets,1],[__consumer_offsets,16],[__consumer_offsets,2] (kafka.controller.KafkaController)
[2017-03-14 10:45:29,424] INFO [Controller 0]: New partition creation callback for [__consumer_offsets,19],[__consumer_offsets,30],[__consumer_offsets,47],[__consumer_offsets,29],[__consumer_offsets,41],[__consumer_offsets,39],[__consumer_offsets,10],[__consumer_offsets,17],[__consumer_offsets,14],[__consumer_offsets,40],[__consumer_offsets,18],[__consumer_offsets,26],[__consumer_offsets,0],[__consumer_offsets,24],[__consumer_offsets,33],[__consumer_offsets,20],[__consumer_offsets,21],[__consumer_offsets,3],[__consumer_offsets,5],[__consumer_offsets,22],[__consumer_offsets,12],[__consumer_offsets,8],[__consumer_offsets,23],[__consumer_offsets,15],[__consumer_offsets,48],[__consumer_offsets,11],[__consumer_offsets,13],[__consumer_offsets,49],[__consumer_offsets,6],[__consumer_offsets,28],[__consumer_offsets,4],[__consumer_offsets,37],[__consumer_offsets,31],[__consumer_offsets,44],[__consumer_offsets,42],[__consumer_offsets,34],[__consumer_offsets,46],[__consumer_offsets,25],[__consumer_offsets,45],[__consumer_offsets,27],[__consumer_offsets,32],[__consumer_offsets,43],[__consumer_offsets,36],[__consumer_offsets,35],[__consumer_offsets,7],[__consumer_offsets,9],[__consumer_offsets,38],[__consumer_offsets,1],[__consumer_offsets,16],[__consumer_offsets,2] (kafka.controller.KafkaController)
[2017-03-14 10:45:29,425] INFO [Partition state machine on Controller 0]: Invoking state change to NewPartition for partitions [__consumer_offsets,19],[__consumer_offsets,30],[__consumer_offsets,47],[__consumer_offsets,29],[__consumer_offsets,41],[__consumer_offsets,39],[__consumer_offsets,10],[__consumer_offsets,17],[__consumer_offsets,14],[__consumer_offsets,40],[__consumer_offsets,18],[__consumer_offsets,26],[__consumer_offsets,0],[__consumer_offsets,24],[__consumer_offsets,33],[__consumer_offsets,20],[__consumer_offsets,21],[__consumer_offsets,3],[__consumer_offsets,5],[__consumer_offsets,22],[__consumer_offsets,12],[__consumer_offsets,8],[__consumer_offsets,23],[__consumer_offsets,15],[__consumer_offsets,48],[__consumer_offsets,11],[__consumer_offsets,13],[__consumer_offsets,49],[__consumer_offsets,6],[__consumer_offsets,28],[__consumer_offsets,4],[__consumer_offsets,37],[__consumer_offsets,31],[__consumer_offsets,44],[__consumer_offsets,42],[__consumer_offsets,34],[__consumer_offsets,46],[__consumer_offsets,25],[__consumer_offsets,45],[__consumer_offsets,27],[__consumer_offsets,32],[__consumer_offsets,43],[__consumer_offsets,36],[__consumer_offsets,35],[__consumer_offsets,7],[__consumer_offsets,9],[__consumer_offsets,38],[__consumer_offsets,1],[__consumer_offsets,16],[__consumer_offsets,2] (kafka.controller.PartitionStateMachine)
[2017-03-14 10:45:29,430] INFO [Replica state machine on controller 0]: Invoking state change to NewReplica for replicas [Topic=__consumer_offsets,Partition=25,Replica=0],[Topic=__consumer_offsets,Partition=12,Replica=0],[Topic=__consumer_offsets,Partition=31,Replica=0],[Topic=__consumer_offsets,Partition=40,Replica=0],[Topic=__consumer_offsets,Partition=35,Replica=0],[Topic=__consumer_offsets,Partition=9,Replica=0],[Topic=__consumer_offsets,Partition=43,Replica=0],[Topic=__consumer_offsets,Partition=2,Replica=0],[Topic=__consumer_offsets,Partition=11,Replica=0],[Topic=__consumer_offsets,Partition=29,Replica=0],[Topic=__consumer_offsets,Partition=30,Replica=0],[Topic=__consumer_offsets,Partition=4,Replica=0],[Topic=__consumer_offsets,Partition=42,Replica=0],[Topic=__consumer_offsets,Partition=26,Replica=0],[Topic=__consumer_offsets,Partition=34,Replica=0],[Topic=__consumer_offsets,Partition=17,Replica=0],[Topic=__consumer_offsets,Partition=37,Replica=0],[Topic=__consumer_offsets,Partition=27,Replica=0],[Topic=__consumer_offsets,Partition=10,Replica=0],[Topic=__consumer_offsets,Partition=41,Replica=0],[Topic=__consumer_offsets,Partition=20,Replica=0],[Topic=__consumer_offsets,Partition=28,Replica=0],[Topic=__consumer_offsets,Partition=46,Replica=0],[Topic=__consumer_offsets,Partition=39,Replica=0],[Topic=__consumer_offsets,Partition=47,Replica=0],[Topic=__consumer_offsets,Partition=49,Replica=0],[Topic=__consumer_offsets,Partition=22,Replica=0],[Topic=__consumer_offsets,Partition=1,Replica=0],[Topic=__consumer_offsets,Partition=24,Replica=0],[Topic=__consumer_offsets,Partition=6,Replica=0],[Topic=__consumer_offsets,Partition=36,Replica=0],[Topic=__consumer_offsets,Partition=8,Replica=0],[Topic=__consumer_offsets,Partition=38,Replica=0],[Topic=__consumer_offsets,Partition=16,Replica=0],[Topic=__consumer_offsets,Partition=21,Replica=0],[Topic=__consumer_offsets,Partition=18,Replica=0],[Topic=__consumer_offsets,Partition=0,Replica=0],[Topic=__consumer_offsets,Partition=48,Replica=0],[Topic=__consumer_offsets,Partition=5,Replica=0],[Topic=__consumer_offsets,Partition=13,Replica=0],[Topic=__consumer_offsets,Partition=3,Replica=0],[Topic=__consumer_offsets,Partition=44,Replica=0],[Topic=__consumer_offsets,Partition=15,Replica=0],[Topic=__consumer_offsets,Partition=7,Replica=0],[Topic=__consumer_offsets,Partition=19,Replica=0],[Topic=__consumer_offsets,Partition=33,Replica=0],[Topic=__consumer_offsets,Partition=45,Replica=0],[Topic=__consumer_offsets,Partition=23,Replica=0],[Topic=__consumer_offsets,Partition=32,Replica=0],[Topic=__consumer_offsets,Partition=14,Replica=0] (kafka.controller.ReplicaStateMachine)
[2017-03-14 10:45:29,467] INFO [Partition state machine on Controller 0]: Invoking state change to OnlinePartition for partitions [__consumer_offsets,19],[__consumer_offsets,30],[__consumer_offsets,47],[__consumer_offsets,29],[__consumer_offsets,41],[__consumer_offsets,39],[__consumer_offsets,10],[__consumer_offsets,17],[__consumer_offsets,14],[__consumer_offsets,40],[__consumer_offsets,18],[__consumer_offsets,26],[__consumer_offsets,0],[__consumer_offsets,24],[__consumer_offsets,33],[__consumer_offsets,20],[__consumer_offsets,21],[__consumer_offsets,3],[__consumer_offsets,5],[__consumer_offsets,22],[__consumer_offsets,12],[__consumer_offsets,8],[__consumer_offsets,23],[__consumer_offsets,15],[__consumer_offsets,48],[__consumer_offsets,11],[__consumer_offsets,13],[__consumer_offsets,49],[__consumer_offsets,6],[__consumer_offsets,28],[__consumer_offsets,4],[__consumer_offsets,37],[__consumer_offsets,31],[__consumer_offsets,44],[__consumer_offsets,42],[__consumer_offsets,34],[__consumer_offsets,46],[__consumer_offsets,25],[__consumer_offsets,45],[__consumer_offsets,27],[__consumer_offsets,32],[__consumer_offsets,43],[__consumer_offsets,36],[__consumer_offsets,35],[__consumer_offsets,7],[__consumer_offsets,9],[__consumer_offsets,38],[__consumer_offsets,1],[__consumer_offsets,16],[__consumer_offsets,2] (kafka.controller.PartitionStateMachine)
[2017-03-14 10:45:29,467] DEBUG [Partition state machine on Controller 0]: Live assigned replicas for partition [__consumer_offsets,19] are: [List(0)] (kafka.controller.PartitionStateMachine)
[2017-03-14 10:45:29,467] DEBUG [Partition state machine on Controller 0]: Initializing leader and isr for partition [__consumer_offsets,19] to (Leader:0,ISR:0,LeaderEpoch:0,ControllerEpoch:1) (kafka.controller.PartitionStateMachine)
[2017-03-14 10:45:29,615] DEBUG [Partition state machine on Controller 0]: Live assigned replicas for partition [__consumer_offsets,30] are: [List(0)] (kafka.controller.PartitionStateMachine)
[2017-03-14 10:45:29,615] DEBUG [Partition state machine on Controller 0]: Initializing leader and isr for partition [__consumer_offsets,30] to (Leader:0,ISR:0,LeaderEpoch:0,ControllerEpoch:1) (kafka.controller.PartitionStateMachine)
[2017-03-14 10:45:29,703] DEBUG [Partition state machine on Controller 0]: Live assigned replicas for partition [__consumer_offsets,47] are: [List(0)] (kafka.controller.PartitionStateMachine)
[2017-03-14 10:45:29,703] DEBUG [Partition state machine on Controller 0]: Initializing leader and isr for partition [__consumer_offsets,47] to (Leader:0,ISR:0,LeaderEpoch:0,ControllerEpoch:1) (kafka.controller.PartitionStateMachine)
[2017-03-14 10:45:29,792] DEBUG [Partition state machine on Controller 0]: Live assigned replicas for partition [__consumer_offsets,29] are: [List(0)] (kafka.controller.PartitionStateMachine)
[2017-03-14 10:45:29,792] DEBUG [Partition state machine on Controller 0]: Initializing leader and isr for partition [__consumer_offsets,29] to (Leader:0,ISR:0,LeaderEpoch:0,ControllerEpoch:1) (kafka.controller.PartitionStateMachine)
[2017-03-14 10:45:29,914] DEBUG [Partition state machine on Controller 0]: Live assigned replicas for partition [__consumer_offsets,41] are: [List(0)] (kafka.controller.PartitionStateMachine)
[2017-03-14 10:45:29,915] DEBUG [Partition state machine on Controller 0]: Initializing leader and isr for partition [__consumer_offsets,41] to (Leader:0,ISR:0,LeaderEpoch:0,ControllerEpoch:1) (kafka.controller.PartitionStateMachine)
[2017-03-14 10:45:30,000] DEBUG [Partition state machine on Controller 0]: Live assigned replicas for partition [__consumer_offsets,39] are: [List(0)] (kafka.controller.PartitionStateMachine)
[2017-03-14 10:45:30,000] DEBUG [Partition state machine on Controller 0]: Initializing leader and isr for partition [__consumer_offsets,39] to (Leader:0,ISR:0,LeaderEpoch:0,ControllerEpoch:1) (kafka.controller.PartitionStateMachine)
[2017-03-14 10:45:30,241] DEBUG [Partition state machine on Controller 0]: Live assigned replicas for partition [__consumer_offsets,10] are: [List(0)] (kafka.controller.PartitionStateMachine)
[2017-03-14 10:45:30,241] DEBUG [Partition state machine on Controller 0]: Initializing leader and isr for partition [__consumer_offsets,10] to (Leader:0,ISR:0,LeaderEpoch:0,ControllerEpoch:1) (kafka.controller.PartitionStateMachine)
[2017-03-14 10:45:30,350] DEBUG [Partition state machine on Controller 0]: Live assigned replicas for partition [__consumer_offsets,17] are: [List(0)] (kafka.controller.PartitionStateMachine)
[2017-03-14 10:45:30,350] DEBUG [Partition state machine on Controller 0]: Initializing leader and isr for partition [__consumer_offsets,17] to (Leader:0,ISR:0,LeaderEpoch:0,ControllerEpoch:1) (kafka.controller.PartitionStateMachine)
[2017-03-14 10:45:30,437] DEBUG [Partition state machine on Controller 0]: Live assigned replicas for partition [__consumer_offsets,14] are: [List(0)] (kafka.controller.PartitionStateMachine)
[2017-03-14 10:45:30,437] DEBUG [Partition state machine on Controller 0]: Initializing leader and isr for partition [__consumer_offsets,14] to (Leader:0,ISR:0,LeaderEpoch:0,ControllerEpoch:1) (kafka.controller.PartitionStateMachine)
[2017-03-14 10:45:30,525] DEBUG [Partition state machine on Controller 0]: Live assigned replicas for partition [__consumer_offsets,40] are: [List(0)] (kafka.controller.PartitionStateMachine)
[2017-03-14 10:45:30,525] DEBUG [Partition state machine on Controller 0]: Initializing leader and isr for partition [__consumer_offsets,40] to (Leader:0,ISR:0,LeaderEpoch:0,ControllerEpoch:1) (kafka.controller.PartitionStateMachine)
[2017-03-14 10:45:30,613] DEBUG [Partition state machine on Controller 0]: Live assigned replicas for partition [__consumer_offsets,18] are: [List(0)] (kafka.controller.PartitionStateMachine)
[2017-03-14 10:45:30,614] DEBUG [Partition state machine on Controller 0]: Initializing leader and isr for partition [__consumer_offsets,18] to (Leader:0,ISR:0,LeaderEpoch:0,ControllerEpoch:1) (kafka.controller.PartitionStateMachine)
[2017-03-14 10:45:30,708] DEBUG [Partition state machine on Controller 0]: Live assigned replicas for partition [__consumer_offsets,26] are: [List(0)] (kafka.controller.PartitionStateMachine)
[2017-03-14 10:45:30,708] DEBUG [Partition state machine on Controller 0]: Initializing leader and isr for partition [__consumer_offsets,26] to (Leader:0,ISR:0,LeaderEpoch:0,ControllerEpoch:1) (kafka.controller.PartitionStateMachine)
[2017-03-14 10:45:30,797] DEBUG [Partition state machine on Controller 0]: Live assigned replicas for partition [__consumer_offsets,0] are: [List(0)] (kafka.controller.PartitionStateMachine)
[2017-03-14 10:45:30,797] DEBUG [Partition state machine on Controller 0]: Initializing leader and isr for partition [__consumer_offsets,0] to (Leader:0,ISR:0,LeaderEpoch:0,ControllerEpoch:1) (kafka.controller.PartitionStateMachine)
[2017-03-14 10:45:30,883] DEBUG [Partition state machine on Controller 0]: Live assigned replicas for partition [__consumer_offsets,24] are: [List(0)] (kafka.controller.PartitionStateMachine)
[2017-03-14 10:45:30,883] DEBUG [Partition state machine on Controller 0]: Initializing leader and isr for partition [__consumer_offsets,24] to (Leader:0,ISR:0,LeaderEpoch:0,ControllerEpoch:1) (kafka.controller.PartitionStateMachine)
[2017-03-14 10:45:30,971] DEBUG [Partition state machine on Controller 0]: Live assigned replicas for partition [__consumer_offsets,33] are: [List(0)] (kafka.controller.PartitionStateMachine)
[2017-03-14 10:45:30,971] DEBUG [Partition state machine on Controller 0]: Initializing leader and isr for partition [__consumer_offsets,33] to (Leader:0,ISR:0,LeaderEpoch:0,ControllerEpoch:1) (kafka.controller.PartitionStateMachine)
[2017-03-14 10:45:31,058] DEBUG [Partition state machine on Controller 0]: Live assigned replicas for partition [__consumer_offsets,20] are: [List(0)] (kafka.controller.PartitionStateMachine)
[2017-03-14 10:45:31,058] DEBUG [Partition state machine on Controller 0]: Initializing leader and isr for partition [__consumer_offsets,20] to (Leader:0,ISR:0,LeaderEpoch:0,ControllerEpoch:1) (kafka.controller.PartitionStateMachine)
[2017-03-14 10:45:31,147] DEBUG [Partition state machine on Controller 0]: Live assigned replicas for partition [__consumer_offsets,21] are: [List(0)] (kafka.controller.PartitionStateMachine)
[2017-03-14 10:45:31,147] DEBUG [Partition state machine on Controller 0]: Initializing leader and isr for partition [__consumer_offsets,21] to (Leader:0,ISR:0,LeaderEpoch:0,ControllerEpoch:1) (kafka.controller.PartitionStateMachine)
[2017-03-14 10:45:31,233] DEBUG [Partition state machine on Controller 0]: Live assigned replicas for partition [__consumer_offsets,3] are: [List(0)] (kafka.controller.PartitionStateMachine)
[2017-03-14 10:45:31,233] DEBUG [Partition state machine on Controller 0]: Initializing leader and isr for partition [__consumer_offsets,3] to (Leader:0,ISR:0,LeaderEpoch:0,ControllerEpoch:1) (kafka.controller.PartitionStateMachine)
[2017-03-14 10:45:31,321] DEBUG [Partition state machine on Controller 0]: Live assigned replicas for partition [__consumer_offsets,5] are: [List(0)] (kafka.controller.PartitionStateMachine)
[2017-03-14 10:45:31,321] DEBUG [Partition state machine on Controller 0]: Initializing leader and isr for partition [__consumer_offsets,5] to (Leader:0,ISR:0,LeaderEpoch:0,ControllerEpoch:1) (kafka.controller.PartitionStateMachine)
[2017-03-14 10:45:31,408] DEBUG [Partition state machine on Controller 0]: Live assigned replicas for partition [__consumer_offsets,22] are: [List(0)] (kafka.controller.PartitionStateMachine)
[2017-03-14 10:45:31,408] DEBUG [Partition state machine on Controller 0]: Initializing leader and isr for partition [__consumer_offsets,22] to (Leader:0,ISR:0,LeaderEpoch:0,ControllerEpoch:1) (kafka.controller.PartitionStateMachine)
[2017-03-14 10:45:31,497] DEBUG [Partition state machine on Controller 0]: Live assigned replicas for partition [__consumer_offsets,12] are: [List(0)] (kafka.controller.PartitionStateMachine)
[2017-03-14 10:45:31,497] DEBUG [Partition state machine on Controller 0]: Initializing leader and isr for partition [__consumer_offsets,12] to (Leader:0,ISR:0,LeaderEpoch:0,ControllerEpoch:1) (kafka.controller.PartitionStateMachine)
[2017-03-14 10:45:31,583] DEBUG [Partition state machine on Controller 0]: Live assigned replicas for partition [__consumer_offsets,8] are: [List(0)] (kafka.controller.PartitionStateMachine)
[2017-03-14 10:45:31,583] DEBUG [Partition state machine on Controller 0]: Initializing leader and isr for partition [__consumer_offsets,8] to (Leader:0,ISR:0,LeaderEpoch:0,ControllerEpoch:1) (kafka.controller.PartitionStateMachine)
[2017-03-14 10:45:31,691] DEBUG [Partition state machine on Controller 0]: Live assigned replicas for partition [__consumer_offsets,23] are: [List(0)] (kafka.controller.PartitionStateMachine)
[2017-03-14 10:45:31,691] DEBUG [Partition state machine on Controller 0]: Initializing leader and isr for partition [__consumer_offsets,23] to (Leader:0,ISR:0,LeaderEpoch:0,ControllerEpoch:1) (kafka.controller.PartitionStateMachine)
[2017-03-14 10:45:31,780] DEBUG [Partition state machine on Controller 0]: Live assigned replicas for partition [__consumer_offsets,15] are: [List(0)] (kafka.controller.PartitionStateMachine)
[2017-03-14 10:45:31,780] DEBUG [Partition state machine on Controller 0]: Initializing leader and isr for partition [__consumer_offsets,15] to (Leader:0,ISR:0,LeaderEpoch:0,ControllerEpoch:1) (kafka.controller.PartitionStateMachine)
[2017-03-14 10:45:31,866] DEBUG [Partition state machine on Controller 0]: Live assigned replicas for partition [__consumer_offsets,48] are: [List(0)] (kafka.controller.PartitionStateMachine)
[2017-03-14 10:45:31,866] DEBUG [Partition state machine on Controller 0]: Initializing leader and isr for partition [__consumer_offsets,48] to (Leader:0,ISR:0,LeaderEpoch:0,ControllerEpoch:1) (kafka.controller.PartitionStateMachine)
[2017-03-14 10:45:31,955] DEBUG [Partition state machine on Controller 0]: Live assigned replicas for partition [__consumer_offsets,11] are: [List(0)] (kafka.controller.PartitionStateMachine)
[2017-03-14 10:45:31,955] DEBUG [Partition state machine on Controller 0]: Initializing leader and isr for partition [__consumer_offsets,11] to (Leader:0,ISR:0,LeaderEpoch:0,ControllerEpoch:1) (kafka.controller.PartitionStateMachine)
[2017-03-14 10:45:32,041] DEBUG [Partition state machine on Controller 0]: Live assigned replicas for partition [__consumer_offsets,13] are: [List(0)] (kafka.controller.PartitionStateMachine)
[2017-03-14 10:45:32,041] DEBUG [Partition state machine on Controller 0]: Initializing leader and isr for partition [__consumer_offsets,13] to (Leader:0,ISR:0,LeaderEpoch:0,ControllerEpoch:1) (kafka.controller.PartitionStateMachine)
[2017-03-14 10:45:32,138] DEBUG [Partition state machine on Controller 0]: Live assigned replicas for partition [__consumer_offsets,49] are: [List(0)] (kafka.controller.PartitionStateMachine)
[2017-03-14 10:45:32,138] DEBUG [Partition state machine on Controller 0]: Initializing leader and isr for partition [__consumer_offsets,49] to (Leader:0,ISR:0,LeaderEpoch:0,ControllerEpoch:1) (kafka.controller.PartitionStateMachine)
[2017-03-14 10:45:32,224] DEBUG [Partition state machine on Controller 0]: Live assigned replicas for partition [__consumer_offsets,6] are: [List(0)] (kafka.controller.PartitionStateMachine)
[2017-03-14 10:45:32,224] DEBUG [Partition state machine on Controller 0]: Initializing leader and isr for partition [__consumer_offsets,6] to (Leader:0,ISR:0,LeaderEpoch:0,ControllerEpoch:1) (kafka.controller.PartitionStateMachine)
[2017-03-14 10:45:32,313] DEBUG [Partition state machine on Controller 0]: Live assigned replicas for partition [__consumer_offsets,28] are: [List(0)] (kafka.controller.PartitionStateMachine)
[2017-03-14 10:45:32,313] DEBUG [Partition state machine on Controller 0]: Initializing leader and isr for partition [__consumer_offsets,28] to (Leader:0,ISR:0,LeaderEpoch:0,ControllerEpoch:1) (kafka.controller.PartitionStateMachine)
[2017-03-14 10:45:32,408] DEBUG [Partition state machine on Controller 0]: Live assigned replicas for partition [__consumer_offsets,4] are: [List(0)] (kafka.controller.PartitionStateMachine)
[2017-03-14 10:45:32,408] DEBUG [Partition state machine on Controller 0]: Initializing leader and isr for partition [__consumer_offsets,4] to (Leader:0,ISR:0,LeaderEpoch:0,ControllerEpoch:1) (kafka.controller.PartitionStateMachine)
[2017-03-14 10:45:32,495] DEBUG [Partition state machine on Controller 0]: Live assigned replicas for partition [__consumer_offsets,37] are: [List(0)] (kafka.controller.PartitionStateMachine)
[2017-03-14 10:45:32,495] DEBUG [Partition state machine on Controller 0]: Initializing leader and isr for partition [__consumer_offsets,37] to (Leader:0,ISR:0,LeaderEpoch:0,ControllerEpoch:1) (kafka.controller.PartitionStateMachine)
[2017-03-14 10:45:32,582] DEBUG [Partition state machine on Controller 0]: Live assigned replicas for partition [__consumer_offsets,31] are: [List(0)] (kafka.controller.PartitionStateMachine)
[2017-03-14 10:45:32,582] DEBUG [Partition state machine on Controller 0]: Initializing leader and isr for partition [__consumer_offsets,31] to (Leader:0,ISR:0,LeaderEpoch:0,ControllerEpoch:1) (kafka.controller.PartitionStateMachine)
[2017-03-14 10:45:32,671] DEBUG [Partition state machine on Controller 0]: Live assigned replicas for partition [__consumer_offsets,44] are: [List(0)] (kafka.controller.PartitionStateMachine)
[2017-03-14 10:45:32,671] DEBUG [Partition state machine on Controller 0]: Initializing leader and isr for partition [__consumer_offsets,44] to (Leader:0,ISR:0,LeaderEpoch:0,ControllerEpoch:1) (kafka.controller.PartitionStateMachine)
[2017-03-14 10:45:32,757] DEBUG [Partition state machine on Controller 0]: Live assigned replicas for partition [__consumer_offsets,42] are: [List(0)] (kafka.controller.PartitionStateMachine)
[2017-03-14 10:45:32,757] DEBUG [Partition state machine on Controller 0]: Initializing leader and isr for partition [__consumer_offsets,42] to (Leader:0,ISR:0,LeaderEpoch:0,ControllerEpoch:1) (kafka.controller.PartitionStateMachine)
[2017-03-14 10:45:32,846] DEBUG [Partition state machine on Controller 0]: Live assigned replicas for partition [__consumer_offsets,34] are: [List(0)] (kafka.controller.PartitionStateMachine)
[2017-03-14 10:45:32,846] DEBUG [Partition state machine on Controller 0]: Initializing leader and isr for partition [__consumer_offsets,34] to (Leader:0,ISR:0,LeaderEpoch:0,ControllerEpoch:1) (kafka.controller.PartitionStateMachine)
[2017-03-14 10:45:32,932] DEBUG [Partition state machine on Controller 0]: Live assigned replicas for partition [__consumer_offsets,46] are: [List(0)] (kafka.controller.PartitionStateMachine)
[2017-03-14 10:45:32,932] DEBUG [Partition state machine on Controller 0]: Initializing leader and isr for partition [__consumer_offsets,46] to (Leader:0,ISR:0,LeaderEpoch:0,ControllerEpoch:1) (kafka.controller.PartitionStateMachine)
[2017-03-14 10:45:33,021] DEBUG [Partition state machine on Controller 0]: Live assigned replicas for partition [__consumer_offsets,25] are: [List(0)] (kafka.controller.PartitionStateMachine)
[2017-03-14 10:45:33,021] DEBUG [Partition state machine on Controller 0]: Initializing leader and isr for partition [__consumer_offsets,25] to (Leader:0,ISR:0,LeaderEpoch:0,ControllerEpoch:1) (kafka.controller.PartitionStateMachine)
[2017-03-14 10:45:33,107] DEBUG [Partition state machine on Controller 0]: Live assigned replicas for partition [__consumer_offsets,45] are: [List(0)] (kafka.controller.PartitionStateMachine)
[2017-03-14 10:45:33,107] DEBUG [Partition state machine on Controller 0]: Initializing leader and isr for partition [__consumer_offsets,45] to (Leader:0,ISR:0,LeaderEpoch:0,ControllerEpoch:1) (kafka.controller.PartitionStateMachine)
[2017-03-14 10:45:33,196] DEBUG [Partition state machine on Controller 0]: Live assigned replicas for partition [__consumer_offsets,27] are: [List(0)] (kafka.controller.PartitionStateMachine)
[2017-03-14 10:45:33,196] DEBUG [Partition state machine on Controller 0]: Initializing leader and isr for partition [__consumer_offsets,27] to (Leader:0,ISR:0,LeaderEpoch:0,ControllerEpoch:1) (kafka.controller.PartitionStateMachine)
[2017-03-14 10:45:33,329] DEBUG [Partition state machine on Controller 0]: Live assigned replicas for partition [__consumer_offsets,32] are: [List(0)] (kafka.controller.PartitionStateMachine)
[2017-03-14 10:45:33,329] DEBUG [Partition state machine on Controller 0]: Initializing leader and isr for partition [__consumer_offsets,32] to (Leader:0,ISR:0,LeaderEpoch:0,ControllerEpoch:1) (kafka.controller.PartitionStateMachine)
[2017-03-14 10:45:33,415] DEBUG [Partition state machine on Controller 0]: Live assigned replicas for partition [__consumer_offsets,43] are: [List(0)] (kafka.controller.PartitionStateMachine)
[2017-03-14 10:45:33,416] DEBUG [Partition state machine on Controller 0]: Initializing leader and isr for partition [__consumer_offsets,43] to (Leader:0,ISR:0,LeaderEpoch:0,ControllerEpoch:1) (kafka.controller.PartitionStateMachine)
[2017-03-14 10:45:33,504] DEBUG [Partition state machine on Controller 0]: Live assigned replicas for partition [__consumer_offsets,36] are: [List(0)] (kafka.controller.PartitionStateMachine)
[2017-03-14 10:45:33,505] DEBUG [Partition state machine on Controller 0]: Initializing leader and isr for partition [__consumer_offsets,36] to (Leader:0,ISR:0,LeaderEpoch:0,ControllerEpoch:1) (kafka.controller.PartitionStateMachine)
[2017-03-14 10:45:33,591] DEBUG [Partition state machine on Controller 0]: Live assigned replicas for partition [__consumer_offsets,35] are: [List(0)] (kafka.controller.PartitionStateMachine)
[2017-03-14 10:45:33,591] DEBUG [Partition state machine on Controller 0]: Initializing leader and isr for partition [__consumer_offsets,35] to (Leader:0,ISR:0,LeaderEpoch:0,ControllerEpoch:1) (kafka.controller.PartitionStateMachine)
[2017-03-14 10:45:33,678] DEBUG [Partition state machine on Controller 0]: Live assigned replicas for partition [__consumer_offsets,7] are: [List(0)] (kafka.controller.PartitionStateMachine)
[2017-03-14 10:45:33,679] DEBUG [Partition state machine on Controller 0]: Initializing leader and isr for partition [__consumer_offsets,7] to (Leader:0,ISR:0,LeaderEpoch:0,ControllerEpoch:1) (kafka.controller.PartitionStateMachine)
[2017-03-14 10:45:33,766] DEBUG [Partition state machine on Controller 0]: Live assigned replicas for partition [__consumer_offsets,9] are: [List(0)] (kafka.controller.PartitionStateMachine)
[2017-03-14 10:45:33,766] DEBUG [Partition state machine on Controller 0]: Initializing leader and isr for partition [__consumer_offsets,9] to (Leader:0,ISR:0,LeaderEpoch:0,ControllerEpoch:1) (kafka.controller.PartitionStateMachine)
[2017-03-14 10:45:33,854] DEBUG [Partition state machine on Controller 0]: Live assigned replicas for partition [__consumer_offsets,38] are: [List(0)] (kafka.controller.PartitionStateMachine)
[2017-03-14 10:45:33,854] DEBUG [Partition state machine on Controller 0]: Initializing leader and isr for partition [__consumer_offsets,38] to (Leader:0,ISR:0,LeaderEpoch:0,ControllerEpoch:1) (kafka.controller.PartitionStateMachine)
[2017-03-14 10:45:33,963] DEBUG [Partition state machine on Controller 0]: Live assigned replicas for partition [__consumer_offsets,1] are: [List(0)] (kafka.controller.PartitionStateMachine)
[2017-03-14 10:45:33,963] DEBUG [Partition state machine on Controller 0]: Initializing leader and isr for partition [__consumer_offsets,1] to (Leader:0,ISR:0,LeaderEpoch:0,ControllerEpoch:1) (kafka.controller.PartitionStateMachine)
[2017-03-14 10:45:34,050] DEBUG [Partition state machine on Controller 0]: Live assigned replicas for partition [__consumer_offsets,16] are: [List(0)] (kafka.controller.PartitionStateMachine)
[2017-03-14 10:45:34,050] DEBUG [Partition state machine on Controller 0]: Initializing leader and isr for partition [__consumer_offsets,16] to (Leader:0,ISR:0,LeaderEpoch:0,ControllerEpoch:1) (kafka.controller.PartitionStateMachine)
[2017-03-14 10:45:34,137] DEBUG [Partition state machine on Controller 0]: Live assigned replicas for partition [__consumer_offsets,2] are: [List(0)] (kafka.controller.PartitionStateMachine)
[2017-03-14 10:45:34,138] DEBUG [Partition state machine on Controller 0]: Initializing leader and isr for partition [__consumer_offsets,2] to (Leader:0,ISR:0,LeaderEpoch:0,ControllerEpoch:1) (kafka.controller.PartitionStateMachine)
[2017-03-14 10:45:34,239] INFO [Replica state machine on controller 0]: Invoking state change to OnlineReplica for replicas [Topic=__consumer_offsets,Partition=25,Replica=0],[Topic=__consumer_offsets,Partition=12,Replica=0],[Topic=__consumer_offsets,Partition=31,Replica=0],[Topic=__consumer_offsets,Partition=40,Replica=0],[Topic=__consumer_offsets,Partition=35,Replica=0],[Topic=__consumer_offsets,Partition=9,Replica=0],[Topic=__consumer_offsets,Partition=43,Replica=0],[Topic=__consumer_offsets,Partition=2,Replica=0],[Topic=__consumer_offsets,Partition=11,Replica=0],[Topic=__consumer_offsets,Partition=29,Replica=0],[Topic=__consumer_offsets,Partition=30,Replica=0],[Topic=__consumer_offsets,Partition=4,Replica=0],[Topic=__consumer_offsets,Partition=42,Replica=0],[Topic=__consumer_offsets,Partition=26,Replica=0],[Topic=__consumer_offsets,Partition=34,Replica=0],[Topic=__consumer_offsets,Partition=17,Replica=0],[Topic=__consumer_offsets,Partition=37,Replica=0],[Topic=__consumer_offsets,Partition=27,Replica=0],[Topic=__consumer_offsets,Partition=10,Replica=0],[Topic=__consumer_offsets,Partition=41,Replica=0],[Topic=__consumer_offsets,Partition=20,Replica=0],[Topic=__consumer_offsets,Partition=28,Replica=0],[Topic=__consumer_offsets,Partition=46,Replica=0],[Topic=__consumer_offsets,Partition=39,Replica=0],[Topic=__consumer_offsets,Partition=47,Replica=0],[Topic=__consumer_offsets,Partition=49,Replica=0],[Topic=__consumer_offsets,Partition=22,Replica=0],[Topic=__consumer_offsets,Partition=1,Replica=0],[Topic=__consumer_offsets,Partition=24,Replica=0],[Topic=__consumer_offsets,Partition=6,Replica=0],[Topic=__consumer_offsets,Partition=36,Replica=0],[Topic=__consumer_offsets,Partition=8,Replica=0],[Topic=__consumer_offsets,Partition=38,Replica=0],[Topic=__consumer_offsets,Partition=16,Replica=0],[Topic=__consumer_offsets,Partition=21,Replica=0],[Topic=__consumer_offsets,Partition=18,Replica=0],[Topic=__consumer_offsets,Partition=0,Replica=0],[Topic=__consumer_offsets,Partition=48,Replica=0],[Topic=__consumer_offsets,Partition=5,Replica=0],[Topic=__consumer_offsets,Partition=13,Replica=0],[Topic=__consumer_offsets,Partition=3,Replica=0],[Topic=__consumer_offsets,Partition=44,Replica=0],[Topic=__consumer_offsets,Partition=15,Replica=0],[Topic=__consumer_offsets,Partition=7,Replica=0],[Topic=__consumer_offsets,Partition=19,Replica=0],[Topic=__consumer_offsets,Partition=33,Replica=0],[Topic=__consumer_offsets,Partition=45,Replica=0],[Topic=__consumer_offsets,Partition=23,Replica=0],[Topic=__consumer_offsets,Partition=32,Replica=0],[Topic=__consumer_offsets,Partition=14,Replica=0] (kafka.controller.ReplicaStateMachine)
