[2017-03-14 10:45:10,866] INFO KafkaConfig values: 
	advertised.host.name = null
	advertised.listeners = null
	advertised.port = null
	authorizer.class.name = 
	auto.create.topics.enable = true
	auto.leader.rebalance.enable = true
	background.threads = 10
	broker.id = 0
	broker.id.generation.enable = true
	broker.rack = null
	compression.type = producer
	connections.max.idle.ms = 600000
	controlled.shutdown.enable = true
	controlled.shutdown.max.retries = 3
	controlled.shutdown.retry.backoff.ms = 5000
	controller.socket.timeout.ms = 30000
	create.topic.policy.class.name = null
	default.replication.factor = 1
	delete.topic.enable = false
	fetch.purgatory.purge.interval.requests = 1000
	group.max.session.timeout.ms = 300000
	group.min.session.timeout.ms = 6000
	host.name = 
	inter.broker.listener.name = null
	inter.broker.protocol.version = 0.10.2-IV0
	leader.imbalance.check.interval.seconds = 300
	leader.imbalance.per.broker.percentage = 10
	listener.security.protocol.map = SSL:SSL,SASL_PLAINTEXT:SASL_PLAINTEXT,TRACE:TRACE,SASL_SSL:SASL_SSL,PLAINTEXT:PLAINTEXT
	listeners = null
	log.cleaner.backoff.ms = 15000
	log.cleaner.dedupe.buffer.size = 134217728
	log.cleaner.delete.retention.ms = 86400000
	log.cleaner.enable = true
	log.cleaner.io.buffer.load.factor = 0.9
	log.cleaner.io.buffer.size = 524288
	log.cleaner.io.max.bytes.per.second = 1.7976931348623157E308
	log.cleaner.min.cleanable.ratio = 0.5
	log.cleaner.min.compaction.lag.ms = 0
	log.cleaner.threads = 1
	log.cleanup.policy = [delete]
	log.dir = /tmp/kafka-logs
	log.dirs = /tmp/kafka-logs
	log.flush.interval.messages = 9223372036854775807
	log.flush.interval.ms = null
	log.flush.offset.checkpoint.interval.ms = 60000
	log.flush.scheduler.interval.ms = 9223372036854775807
	log.index.interval.bytes = 4096
	log.index.size.max.bytes = 10485760
	log.message.format.version = 0.10.2-IV0
	log.message.timestamp.difference.max.ms = 9223372036854775807
	log.message.timestamp.type = CreateTime
	log.preallocate = false
	log.retention.bytes = -1
	log.retention.check.interval.ms = 300000
	log.retention.hours = 168
	log.retention.minutes = null
	log.retention.ms = null
	log.roll.hours = 168
	log.roll.jitter.hours = 0
	log.roll.jitter.ms = null
	log.roll.ms = null
	log.segment.bytes = 1073741824
	log.segment.delete.delay.ms = 60000
	max.connections.per.ip = 2147483647
	max.connections.per.ip.overrides = 
	message.max.bytes = 1000012
	metric.reporters = []
	metrics.num.samples = 2
	metrics.recording.level = INFO
	metrics.sample.window.ms = 30000
	min.insync.replicas = 1
	num.io.threads = 8
	num.network.threads = 3
	num.partitions = 1
	num.recovery.threads.per.data.dir = 1
	num.replica.fetchers = 1
	offset.metadata.max.bytes = 4096
	offsets.commit.required.acks = -1
	offsets.commit.timeout.ms = 5000
	offsets.load.buffer.size = 5242880
	offsets.retention.check.interval.ms = 600000
	offsets.retention.minutes = 1440
	offsets.topic.compression.codec = 0
	offsets.topic.num.partitions = 50
	offsets.topic.replication.factor = 3
	offsets.topic.segment.bytes = 104857600
	port = 9092
	principal.builder.class = class org.apache.kafka.common.security.auth.DefaultPrincipalBuilder
	producer.purgatory.purge.interval.requests = 1000
	queued.max.requests = 500
	quota.consumer.default = 9223372036854775807
	quota.producer.default = 9223372036854775807
	quota.window.num = 11
	quota.window.size.seconds = 1
	replica.fetch.backoff.ms = 1000
	replica.fetch.max.bytes = 1048576
	replica.fetch.min.bytes = 1
	replica.fetch.response.max.bytes = 10485760
	replica.fetch.wait.max.ms = 500
	replica.high.watermark.checkpoint.interval.ms = 5000
	replica.lag.time.max.ms = 10000
	replica.socket.receive.buffer.bytes = 65536
	replica.socket.timeout.ms = 30000
	replication.quota.window.num = 11
	replication.quota.window.size.seconds = 1
	request.timeout.ms = 30000
	reserved.broker.max.id = 1000
	sasl.enabled.mechanisms = [GSSAPI]
	sasl.kerberos.kinit.cmd = /usr/bin/kinit
	sasl.kerberos.min.time.before.relogin = 60000
	sasl.kerberos.principal.to.local.rules = [DEFAULT]
	sasl.kerberos.service.name = null
	sasl.kerberos.ticket.renew.jitter = 0.05
	sasl.kerberos.ticket.renew.window.factor = 0.8
	sasl.mechanism.inter.broker.protocol = GSSAPI
	security.inter.broker.protocol = PLAINTEXT
	socket.receive.buffer.bytes = 102400
	socket.request.max.bytes = 104857600
	socket.send.buffer.bytes = 102400
	ssl.cipher.suites = null
	ssl.client.auth = none
	ssl.enabled.protocols = [TLSv1.2, TLSv1.1, TLSv1]
	ssl.endpoint.identification.algorithm = null
	ssl.key.password = null
	ssl.keymanager.algorithm = SunX509
	ssl.keystore.location = null
	ssl.keystore.password = null
	ssl.keystore.type = JKS
	ssl.protocol = TLS
	ssl.provider = null
	ssl.secure.random.implementation = null
	ssl.trustmanager.algorithm = PKIX
	ssl.truststore.location = null
	ssl.truststore.password = null
	ssl.truststore.type = JKS
	unclean.leader.election.enable = true
	zookeeper.connect = localhost:2181
	zookeeper.connection.timeout.ms = 6000
	zookeeper.session.timeout.ms = 6000
	zookeeper.set.acl = false
	zookeeper.sync.time.ms = 2000
 (kafka.server.KafkaConfig)
[2017-03-14 10:45:10,917] INFO starting (kafka.server.KafkaServer)
[2017-03-14 10:45:10,919] INFO Connecting to zookeeper on localhost:2181 (kafka.server.KafkaServer)
[2017-03-14 10:45:11,564] INFO Cluster ID = Lcmk15kXT32nDy5mcWMr7A (kafka.server.KafkaServer)
[2017-03-14 10:45:11,570] WARN No meta.properties file under dir C:\tmp\kafka-logs\meta.properties (kafka.server.BrokerMetadataCheckpoint)
[2017-03-14 10:45:11,648] INFO [ThrottledRequestReaper-Fetch], Starting  (kafka.server.ClientQuotaManager$ThrottledRequestReaper)
[2017-03-14 10:45:11,649] INFO [ThrottledRequestReaper-Produce], Starting  (kafka.server.ClientQuotaManager$ThrottledRequestReaper)
[2017-03-14 10:45:11,691] INFO Log directory 'C:\tmp\kafka-logs' not found, creating it. (kafka.log.LogManager)
[2017-03-14 10:45:11,698] INFO Loading logs. (kafka.log.LogManager)
[2017-03-14 10:45:11,723] INFO Logs loading complete in 25 ms. (kafka.log.LogManager)
[2017-03-14 10:45:11,790] INFO Starting log cleanup with a period of 300000 ms. (kafka.log.LogManager)
[2017-03-14 10:45:11,793] INFO Starting log flusher with a default period of 9223372036854775807 ms. (kafka.log.LogManager)
[2017-03-14 10:45:11,830] INFO Awaiting socket connections on 0.0.0.0:9092. (kafka.network.Acceptor)
[2017-03-14 10:45:11,832] INFO [Socket Server on Broker 0], Started 1 acceptor threads (kafka.network.SocketServer)
[2017-03-14 10:45:11,850] INFO [ExpirationReaper-0], Starting  (kafka.server.DelayedOperationPurgatory$ExpiredOperationReaper)
[2017-03-14 10:45:11,850] INFO [ExpirationReaper-0], Starting  (kafka.server.DelayedOperationPurgatory$ExpiredOperationReaper)
[2017-03-14 10:45:11,878] INFO Creating /controller (is it secure? false) (kafka.utils.ZKCheckedEphemeral)
[2017-03-14 10:45:11,965] INFO Result of znode creation is: OK (kafka.utils.ZKCheckedEphemeral)
[2017-03-14 10:45:11,967] INFO 0 successfully elected as leader (kafka.server.ZookeeperLeaderElector)
[2017-03-14 10:45:12,237] INFO [ExpirationReaper-0], Starting  (kafka.server.DelayedOperationPurgatory$ExpiredOperationReaper)
[2017-03-14 10:45:12,245] INFO [ExpirationReaper-0], Starting  (kafka.server.DelayedOperationPurgatory$ExpiredOperationReaper)
[2017-03-14 10:45:12,246] INFO [ExpirationReaper-0], Starting  (kafka.server.DelayedOperationPurgatory$ExpiredOperationReaper)
[2017-03-14 10:45:12,262] INFO [GroupCoordinator 0]: Starting up. (kafka.coordinator.GroupCoordinator)
[2017-03-14 10:45:12,263] INFO [GroupCoordinator 0]: Startup complete. (kafka.coordinator.GroupCoordinator)
[2017-03-14 10:45:12,274] INFO [Group Metadata Manager on Broker 0]: Removed 0 expired offsets in 3 milliseconds. (kafka.coordinator.GroupMetadataManager)
[2017-03-14 10:45:12,283] INFO Will not load MX4J, mx4j-tools.jar is not in the classpath (kafka.utils.Mx4jLoader$)
[2017-03-14 10:45:12,305] INFO Creating /brokers/ids/0 (is it secure? false) (kafka.utils.ZKCheckedEphemeral)
[2017-03-14 10:45:12,312] INFO New leader is 0 (kafka.server.ZookeeperLeaderElector$LeaderChangeListener)
[2017-03-14 10:45:12,336] INFO Result of znode creation is: OK (kafka.utils.ZKCheckedEphemeral)
[2017-03-14 10:45:12,338] INFO Registered broker 0 at path /brokers/ids/0 with addresses: EndPoint(EII-L-S-02-02.aulas.uniovi.es,9092,ListenerName(PLAINTEXT),PLAINTEXT) (kafka.utils.ZkUtils)
[2017-03-14 10:45:12,339] WARN No meta.properties file under dir C:\tmp\kafka-logs\meta.properties (kafka.server.BrokerMetadataCheckpoint)
[2017-03-14 10:45:12,390] INFO [Kafka Server 0], started (kafka.server.KafkaServer)
[2017-03-14 10:45:28,088] INFO [ReplicaFetcherManager on broker 0] Removed fetcher for partitions springCloudBusOutput-0 (kafka.server.ReplicaFetcherManager)
[2017-03-14 10:45:28,184] INFO Completed load of log springCloudBusOutput-0 with 1 log segments and log end offset 0 in 65 ms (kafka.log.Log)
[2017-03-14 10:45:28,187] INFO Created log for partition [springCloudBusOutput,0] in C:\tmp\kafka-logs with properties {compression.type -> producer, message.format.version -> 0.10.2-IV0, file.delete.delay.ms -> 60000, max.message.bytes -> 1000012, min.compaction.lag.ms -> 0, message.timestamp.type -> CreateTime, min.insync.replicas -> 1, segment.jitter.ms -> 0, preallocate -> false, min.cleanable.dirty.ratio -> 0.5, index.interval.bytes -> 4096, unclean.leader.election.enable -> true, retention.bytes -> -1, delete.retention.ms -> 86400000, cleanup.policy -> [delete], flush.ms -> 9223372036854775807, segment.ms -> 604800000, segment.bytes -> 1073741824, retention.ms -> 604800000, message.timestamp.difference.max.ms -> 9223372036854775807, segment.index.bytes -> 10485760, flush.messages -> 9223372036854775807}. (kafka.log.LogManager)
[2017-03-14 10:45:28,187] INFO Partition [springCloudBusOutput,0] on broker 0: No checkpointed highwatermark is found for partition springCloudBusOutput-0 (kafka.cluster.Partition)
[2017-03-14 10:45:28,967] INFO [ReplicaFetcherManager on broker 0] Removed fetcher for partitions springCloudBusInput-0 (kafka.server.ReplicaFetcherManager)
[2017-03-14 10:45:28,974] INFO Completed load of log springCloudBusInput-0 with 1 log segments and log end offset 0 in 3 ms (kafka.log.Log)
[2017-03-14 10:45:28,976] INFO Created log for partition [springCloudBusInput,0] in C:\tmp\kafka-logs with properties {compression.type -> producer, message.format.version -> 0.10.2-IV0, file.delete.delay.ms -> 60000, max.message.bytes -> 1000012, min.compaction.lag.ms -> 0, message.timestamp.type -> CreateTime, min.insync.replicas -> 1, segment.jitter.ms -> 0, preallocate -> false, min.cleanable.dirty.ratio -> 0.5, index.interval.bytes -> 4096, unclean.leader.election.enable -> true, retention.bytes -> -1, delete.retention.ms -> 86400000, cleanup.policy -> [delete], flush.ms -> 9223372036854775807, segment.ms -> 604800000, segment.bytes -> 1073741824, retention.ms -> 604800000, message.timestamp.difference.max.ms -> 9223372036854775807, segment.index.bytes -> 10485760, flush.messages -> 9223372036854775807}. (kafka.log.LogManager)
[2017-03-14 10:45:28,978] INFO Partition [springCloudBusInput,0] on broker 0: No checkpointed highwatermark is found for partition springCloudBusInput-0 (kafka.cluster.Partition)
[2017-03-14 10:45:29,357] INFO Topic creation {"version":1,"partitions":{"45":[0],"34":[0],"12":[0],"8":[0],"19":[0],"23":[0],"4":[0],"40":[0],"15":[0],"11":[0],"9":[0],"44":[0],"33":[0],"22":[0],"26":[0],"37":[0],"13":[0],"46":[0],"24":[0],"35":[0],"16":[0],"5":[0],"10":[0],"48":[0],"21":[0],"43":[0],"32":[0],"49":[0],"6":[0],"36":[0],"1":[0],"39":[0],"17":[0],"25":[0],"14":[0],"47":[0],"31":[0],"42":[0],"0":[0],"20":[0],"27":[0],"2":[0],"38":[0],"18":[0],"30":[0],"7":[0],"29":[0],"41":[0],"3":[0],"28":[0]}} (kafka.admin.AdminUtils$)
[2017-03-14 10:45:29,387] INFO [KafkaApi-0] Auto creation of topic __consumer_offsets with 50 partitions and replication factor 1 is successful (kafka.server.KafkaApis)
[2017-03-14 10:45:34,283] INFO [ReplicaFetcherManager on broker 0] Removed fetcher for partitions __consumer_offsets-22,__consumer_offsets-30,__consumer_offsets-8,__consumer_offsets-21,__consumer_offsets-4,__consumer_offsets-27,__consumer_offsets-7,__consumer_offsets-9,__consumer_offsets-46,__consumer_offsets-25,__consumer_offsets-35,__consumer_offsets-41,__consumer_offsets-33,__consumer_offsets-23,__consumer_offsets-49,__consumer_offsets-47,__consumer_offsets-16,__consumer_offsets-28,__consumer_offsets-31,__consumer_offsets-36,__consumer_offsets-42,__consumer_offsets-3,__consumer_offsets-18,__consumer_offsets-37,__consumer_offsets-15,__consumer_offsets-24,__consumer_offsets-38,__consumer_offsets-17,__consumer_offsets-48,__consumer_offsets-19,__consumer_offsets-11,__consumer_offsets-13,__consumer_offsets-2,__consumer_offsets-43,__consumer_offsets-6,__consumer_offsets-14,__consumer_offsets-20,__consumer_offsets-0,__consumer_offsets-44,__consumer_offsets-39,__consumer_offsets-12,__consumer_offsets-45,__consumer_offsets-1,__consumer_offsets-5,__consumer_offsets-26,__consumer_offsets-29,__consumer_offsets-34,__consumer_offsets-10,__consumer_offsets-32,__consumer_offsets-40 (kafka.server.ReplicaFetcherManager)
[2017-03-14 10:45:34,288] INFO Completed load of log __consumer_offsets-0 with 1 log segments and log end offset 0 in 2 ms (kafka.log.Log)
[2017-03-14 10:45:34,289] INFO Created log for partition [__consumer_offsets,0] in C:\tmp\kafka-logs with properties {compression.type -> producer, message.format.version -> 0.10.2-IV0, file.delete.delay.ms -> 60000, max.message.bytes -> 1000012, min.compaction.lag.ms -> 0, message.timestamp.type -> CreateTime, min.insync.replicas -> 1, segment.jitter.ms -> 0, preallocate -> false, min.cleanable.dirty.ratio -> 0.5, index.interval.bytes -> 4096, unclean.leader.election.enable -> true, retention.bytes -> -1, delete.retention.ms -> 86400000, cleanup.policy -> compact, flush.ms -> 9223372036854775807, segment.ms -> 604800000, segment.bytes -> 104857600, retention.ms -> 604800000, message.timestamp.difference.max.ms -> 9223372036854775807, segment.index.bytes -> 10485760, flush.messages -> 9223372036854775807}. (kafka.log.LogManager)
[2017-03-14 10:45:34,289] INFO Partition [__consumer_offsets,0] on broker 0: No checkpointed highwatermark is found for partition __consumer_offsets-0 (kafka.cluster.Partition)
[2017-03-14 10:45:34,294] INFO Completed load of log __consumer_offsets-29 with 1 log segments and log end offset 0 in 2 ms (kafka.log.Log)
[2017-03-14 10:45:34,295] INFO Created log for partition [__consumer_offsets,29] in C:\tmp\kafka-logs with properties {compression.type -> producer, message.format.version -> 0.10.2-IV0, file.delete.delay.ms -> 60000, max.message.bytes -> 1000012, min.compaction.lag.ms -> 0, message.timestamp.type -> CreateTime, min.insync.replicas -> 1, segment.jitter.ms -> 0, preallocate -> false, min.cleanable.dirty.ratio -> 0.5, index.interval.bytes -> 4096, unclean.leader.election.enable -> true, retention.bytes -> -1, delete.retention.ms -> 86400000, cleanup.policy -> compact, flush.ms -> 9223372036854775807, segment.ms -> 604800000, segment.bytes -> 104857600, retention.ms -> 604800000, message.timestamp.difference.max.ms -> 9223372036854775807, segment.index.bytes -> 10485760, flush.messages -> 9223372036854775807}. (kafka.log.LogManager)
[2017-03-14 10:45:34,295] INFO Partition [__consumer_offsets,29] on broker 0: No checkpointed highwatermark is found for partition __consumer_offsets-29 (kafka.cluster.Partition)
[2017-03-14 10:45:34,298] INFO Completed load of log __consumer_offsets-48 with 1 log segments and log end offset 0 in 1 ms (kafka.log.Log)
[2017-03-14 10:45:34,299] INFO Created log for partition [__consumer_offsets,48] in C:\tmp\kafka-logs with properties {compression.type -> producer, message.format.version -> 0.10.2-IV0, file.delete.delay.ms -> 60000, max.message.bytes -> 1000012, min.compaction.lag.ms -> 0, message.timestamp.type -> CreateTime, min.insync.replicas -> 1, segment.jitter.ms -> 0, preallocate -> false, min.cleanable.dirty.ratio -> 0.5, index.interval.bytes -> 4096, unclean.leader.election.enable -> true, retention.bytes -> -1, delete.retention.ms -> 86400000, cleanup.policy -> compact, flush.ms -> 9223372036854775807, segment.ms -> 604800000, segment.bytes -> 104857600, retention.ms -> 604800000, message.timestamp.difference.max.ms -> 9223372036854775807, segment.index.bytes -> 10485760, flush.messages -> 9223372036854775807}. (kafka.log.LogManager)
[2017-03-14 10:45:34,300] INFO Partition [__consumer_offsets,48] on broker 0: No checkpointed highwatermark is found for partition __consumer_offsets-48 (kafka.cluster.Partition)
[2017-03-14 10:45:34,303] INFO Completed load of log __consumer_offsets-10 with 1 log segments and log end offset 0 in 1 ms (kafka.log.Log)
[2017-03-14 10:45:34,304] INFO Created log for partition [__consumer_offsets,10] in C:\tmp\kafka-logs with properties {compression.type -> producer, message.format.version -> 0.10.2-IV0, file.delete.delay.ms -> 60000, max.message.bytes -> 1000012, min.compaction.lag.ms -> 0, message.timestamp.type -> CreateTime, min.insync.replicas -> 1, segment.jitter.ms -> 0, preallocate -> false, min.cleanable.dirty.ratio -> 0.5, index.interval.bytes -> 4096, unclean.leader.election.enable -> true, retention.bytes -> -1, delete.retention.ms -> 86400000, cleanup.policy -> compact, flush.ms -> 9223372036854775807, segment.ms -> 604800000, segment.bytes -> 104857600, retention.ms -> 604800000, message.timestamp.difference.max.ms -> 9223372036854775807, segment.index.bytes -> 10485760, flush.messages -> 9223372036854775807}. (kafka.log.LogManager)
[2017-03-14 10:45:34,304] INFO Partition [__consumer_offsets,10] on broker 0: No checkpointed highwatermark is found for partition __consumer_offsets-10 (kafka.cluster.Partition)
[2017-03-14 10:45:34,308] INFO Completed load of log __consumer_offsets-45 with 1 log segments and log end offset 0 in 1 ms (kafka.log.Log)
[2017-03-14 10:45:34,308] INFO Created log for partition [__consumer_offsets,45] in C:\tmp\kafka-logs with properties {compression.type -> producer, message.format.version -> 0.10.2-IV0, file.delete.delay.ms -> 60000, max.message.bytes -> 1000012, min.compaction.lag.ms -> 0, message.timestamp.type -> CreateTime, min.insync.replicas -> 1, segment.jitter.ms -> 0, preallocate -> false, min.cleanable.dirty.ratio -> 0.5, index.interval.bytes -> 4096, unclean.leader.election.enable -> true, retention.bytes -> -1, delete.retention.ms -> 86400000, cleanup.policy -> compact, flush.ms -> 9223372036854775807, segment.ms -> 604800000, segment.bytes -> 104857600, retention.ms -> 604800000, message.timestamp.difference.max.ms -> 9223372036854775807, segment.index.bytes -> 10485760, flush.messages -> 9223372036854775807}. (kafka.log.LogManager)
[2017-03-14 10:45:34,309] INFO Partition [__consumer_offsets,45] on broker 0: No checkpointed highwatermark is found for partition __consumer_offsets-45 (kafka.cluster.Partition)
[2017-03-14 10:45:34,329] INFO Completed load of log __consumer_offsets-26 with 1 log segments and log end offset 0 in 18 ms (kafka.log.Log)
[2017-03-14 10:45:34,330] INFO Created log for partition [__consumer_offsets,26] in C:\tmp\kafka-logs with properties {compression.type -> producer, message.format.version -> 0.10.2-IV0, file.delete.delay.ms -> 60000, max.message.bytes -> 1000012, min.compaction.lag.ms -> 0, message.timestamp.type -> CreateTime, min.insync.replicas -> 1, segment.jitter.ms -> 0, preallocate -> false, min.cleanable.dirty.ratio -> 0.5, index.interval.bytes -> 4096, unclean.leader.election.enable -> true, retention.bytes -> -1, delete.retention.ms -> 86400000, cleanup.policy -> compact, flush.ms -> 9223372036854775807, segment.ms -> 604800000, segment.bytes -> 104857600, retention.ms -> 604800000, message.timestamp.difference.max.ms -> 9223372036854775807, segment.index.bytes -> 10485760, flush.messages -> 9223372036854775807}. (kafka.log.LogManager)
[2017-03-14 10:45:34,330] INFO Partition [__consumer_offsets,26] on broker 0: No checkpointed highwatermark is found for partition __consumer_offsets-26 (kafka.cluster.Partition)
[2017-03-14 10:45:34,334] INFO Completed load of log __consumer_offsets-7 with 1 log segments and log end offset 0 in 2 ms (kafka.log.Log)
[2017-03-14 10:45:34,334] INFO Created log for partition [__consumer_offsets,7] in C:\tmp\kafka-logs with properties {compression.type -> producer, message.format.version -> 0.10.2-IV0, file.delete.delay.ms -> 60000, max.message.bytes -> 1000012, min.compaction.lag.ms -> 0, message.timestamp.type -> CreateTime, min.insync.replicas -> 1, segment.jitter.ms -> 0, preallocate -> false, min.cleanable.dirty.ratio -> 0.5, index.interval.bytes -> 4096, unclean.leader.election.enable -> true, retention.bytes -> -1, delete.retention.ms -> 86400000, cleanup.policy -> compact, flush.ms -> 9223372036854775807, segment.ms -> 604800000, segment.bytes -> 104857600, retention.ms -> 604800000, message.timestamp.difference.max.ms -> 9223372036854775807, segment.index.bytes -> 10485760, flush.messages -> 9223372036854775807}. (kafka.log.LogManager)
[2017-03-14 10:45:34,335] INFO Partition [__consumer_offsets,7] on broker 0: No checkpointed highwatermark is found for partition __consumer_offsets-7 (kafka.cluster.Partition)
[2017-03-14 10:45:34,342] INFO Completed load of log __consumer_offsets-42 with 1 log segments and log end offset 0 in 1 ms (kafka.log.Log)
[2017-03-14 10:45:34,343] INFO Created log for partition [__consumer_offsets,42] in C:\tmp\kafka-logs with properties {compression.type -> producer, message.format.version -> 0.10.2-IV0, file.delete.delay.ms -> 60000, max.message.bytes -> 1000012, min.compaction.lag.ms -> 0, message.timestamp.type -> CreateTime, min.insync.replicas -> 1, segment.jitter.ms -> 0, preallocate -> false, min.cleanable.dirty.ratio -> 0.5, index.interval.bytes -> 4096, unclean.leader.election.enable -> true, retention.bytes -> -1, delete.retention.ms -> 86400000, cleanup.policy -> compact, flush.ms -> 9223372036854775807, segment.ms -> 604800000, segment.bytes -> 104857600, retention.ms -> 604800000, message.timestamp.difference.max.ms -> 9223372036854775807, segment.index.bytes -> 10485760, flush.messages -> 9223372036854775807}. (kafka.log.LogManager)
[2017-03-14 10:45:34,343] INFO Partition [__consumer_offsets,42] on broker 0: No checkpointed highwatermark is found for partition __consumer_offsets-42 (kafka.cluster.Partition)
[2017-03-14 10:45:34,346] INFO Completed load of log __consumer_offsets-4 with 1 log segments and log end offset 0 in 1 ms (kafka.log.Log)
[2017-03-14 10:45:34,347] INFO Created log for partition [__consumer_offsets,4] in C:\tmp\kafka-logs with properties {compression.type -> producer, message.format.version -> 0.10.2-IV0, file.delete.delay.ms -> 60000, max.message.bytes -> 1000012, min.compaction.lag.ms -> 0, message.timestamp.type -> CreateTime, min.insync.replicas -> 1, segment.jitter.ms -> 0, preallocate -> false, min.cleanable.dirty.ratio -> 0.5, index.interval.bytes -> 4096, unclean.leader.election.enable -> true, retention.bytes -> -1, delete.retention.ms -> 86400000, cleanup.policy -> compact, flush.ms -> 9223372036854775807, segment.ms -> 604800000, segment.bytes -> 104857600, retention.ms -> 604800000, message.timestamp.difference.max.ms -> 9223372036854775807, segment.index.bytes -> 10485760, flush.messages -> 9223372036854775807}. (kafka.log.LogManager)
[2017-03-14 10:45:34,347] INFO Partition [__consumer_offsets,4] on broker 0: No checkpointed highwatermark is found for partition __consumer_offsets-4 (kafka.cluster.Partition)
[2017-03-14 10:45:34,351] INFO Completed load of log __consumer_offsets-23 with 1 log segments and log end offset 0 in 2 ms (kafka.log.Log)
[2017-03-14 10:45:34,351] INFO Created log for partition [__consumer_offsets,23] in C:\tmp\kafka-logs with properties {compression.type -> producer, message.format.version -> 0.10.2-IV0, file.delete.delay.ms -> 60000, max.message.bytes -> 1000012, min.compaction.lag.ms -> 0, message.timestamp.type -> CreateTime, min.insync.replicas -> 1, segment.jitter.ms -> 0, preallocate -> false, min.cleanable.dirty.ratio -> 0.5, index.interval.bytes -> 4096, unclean.leader.election.enable -> true, retention.bytes -> -1, delete.retention.ms -> 86400000, cleanup.policy -> compact, flush.ms -> 9223372036854775807, segment.ms -> 604800000, segment.bytes -> 104857600, retention.ms -> 604800000, message.timestamp.difference.max.ms -> 9223372036854775807, segment.index.bytes -> 10485760, flush.messages -> 9223372036854775807}. (kafka.log.LogManager)
[2017-03-14 10:45:34,352] INFO Partition [__consumer_offsets,23] on broker 0: No checkpointed highwatermark is found for partition __consumer_offsets-23 (kafka.cluster.Partition)
[2017-03-14 10:45:34,355] INFO Completed load of log __consumer_offsets-1 with 1 log segments and log end offset 0 in 1 ms (kafka.log.Log)
[2017-03-14 10:45:34,356] INFO Created log for partition [__consumer_offsets,1] in C:\tmp\kafka-logs with properties {compression.type -> producer, message.format.version -> 0.10.2-IV0, file.delete.delay.ms -> 60000, max.message.bytes -> 1000012, min.compaction.lag.ms -> 0, message.timestamp.type -> CreateTime, min.insync.replicas -> 1, segment.jitter.ms -> 0, preallocate -> false, min.cleanable.dirty.ratio -> 0.5, index.interval.bytes -> 4096, unclean.leader.election.enable -> true, retention.bytes -> -1, delete.retention.ms -> 86400000, cleanup.policy -> compact, flush.ms -> 9223372036854775807, segment.ms -> 604800000, segment.bytes -> 104857600, retention.ms -> 604800000, message.timestamp.difference.max.ms -> 9223372036854775807, segment.index.bytes -> 10485760, flush.messages -> 9223372036854775807}. (kafka.log.LogManager)
[2017-03-14 10:45:34,356] INFO Partition [__consumer_offsets,1] on broker 0: No checkpointed highwatermark is found for partition __consumer_offsets-1 (kafka.cluster.Partition)
[2017-03-14 10:45:34,359] INFO Completed load of log __consumer_offsets-20 with 1 log segments and log end offset 0 in 1 ms (kafka.log.Log)
[2017-03-14 10:45:34,360] INFO Created log for partition [__consumer_offsets,20] in C:\tmp\kafka-logs with properties {compression.type -> producer, message.format.version -> 0.10.2-IV0, file.delete.delay.ms -> 60000, max.message.bytes -> 1000012, min.compaction.lag.ms -> 0, message.timestamp.type -> CreateTime, min.insync.replicas -> 1, segment.jitter.ms -> 0, preallocate -> false, min.cleanable.dirty.ratio -> 0.5, index.interval.bytes -> 4096, unclean.leader.election.enable -> true, retention.bytes -> -1, delete.retention.ms -> 86400000, cleanup.policy -> compact, flush.ms -> 9223372036854775807, segment.ms -> 604800000, segment.bytes -> 104857600, retention.ms -> 604800000, message.timestamp.difference.max.ms -> 9223372036854775807, segment.index.bytes -> 10485760, flush.messages -> 9223372036854775807}. (kafka.log.LogManager)
[2017-03-14 10:45:34,360] INFO Partition [__consumer_offsets,20] on broker 0: No checkpointed highwatermark is found for partition __consumer_offsets-20 (kafka.cluster.Partition)
[2017-03-14 10:45:34,363] INFO Completed load of log __consumer_offsets-39 with 1 log segments and log end offset 0 in 1 ms (kafka.log.Log)
[2017-03-14 10:45:34,364] INFO Created log for partition [__consumer_offsets,39] in C:\tmp\kafka-logs with properties {compression.type -> producer, message.format.version -> 0.10.2-IV0, file.delete.delay.ms -> 60000, max.message.bytes -> 1000012, min.compaction.lag.ms -> 0, message.timestamp.type -> CreateTime, min.insync.replicas -> 1, segment.jitter.ms -> 0, preallocate -> false, min.cleanable.dirty.ratio -> 0.5, index.interval.bytes -> 4096, unclean.leader.election.enable -> true, retention.bytes -> -1, delete.retention.ms -> 86400000, cleanup.policy -> compact, flush.ms -> 9223372036854775807, segment.ms -> 604800000, segment.bytes -> 104857600, retention.ms -> 604800000, message.timestamp.difference.max.ms -> 9223372036854775807, segment.index.bytes -> 10485760, flush.messages -> 9223372036854775807}. (kafka.log.LogManager)
[2017-03-14 10:45:34,364] INFO Partition [__consumer_offsets,39] on broker 0: No checkpointed highwatermark is found for partition __consumer_offsets-39 (kafka.cluster.Partition)
[2017-03-14 10:45:34,369] INFO Completed load of log __consumer_offsets-17 with 1 log segments and log end offset 0 in 3 ms (kafka.log.Log)
[2017-03-14 10:45:34,369] INFO Created log for partition [__consumer_offsets,17] in C:\tmp\kafka-logs with properties {compression.type -> producer, message.format.version -> 0.10.2-IV0, file.delete.delay.ms -> 60000, max.message.bytes -> 1000012, min.compaction.lag.ms -> 0, message.timestamp.type -> CreateTime, min.insync.replicas -> 1, segment.jitter.ms -> 0, preallocate -> false, min.cleanable.dirty.ratio -> 0.5, index.interval.bytes -> 4096, unclean.leader.election.enable -> true, retention.bytes -> -1, delete.retention.ms -> 86400000, cleanup.policy -> compact, flush.ms -> 9223372036854775807, segment.ms -> 604800000, segment.bytes -> 104857600, retention.ms -> 604800000, message.timestamp.difference.max.ms -> 9223372036854775807, segment.index.bytes -> 10485760, flush.messages -> 9223372036854775807}. (kafka.log.LogManager)
[2017-03-14 10:45:34,370] INFO Partition [__consumer_offsets,17] on broker 0: No checkpointed highwatermark is found for partition __consumer_offsets-17 (kafka.cluster.Partition)
[2017-03-14 10:45:34,373] INFO Completed load of log __consumer_offsets-36 with 1 log segments and log end offset 0 in 1 ms (kafka.log.Log)
[2017-03-14 10:45:34,374] INFO Created log for partition [__consumer_offsets,36] in C:\tmp\kafka-logs with properties {compression.type -> producer, message.format.version -> 0.10.2-IV0, file.delete.delay.ms -> 60000, max.message.bytes -> 1000012, min.compaction.lag.ms -> 0, message.timestamp.type -> CreateTime, min.insync.replicas -> 1, segment.jitter.ms -> 0, preallocate -> false, min.cleanable.dirty.ratio -> 0.5, index.interval.bytes -> 4096, unclean.leader.election.enable -> true, retention.bytes -> -1, delete.retention.ms -> 86400000, cleanup.policy -> compact, flush.ms -> 9223372036854775807, segment.ms -> 604800000, segment.bytes -> 104857600, retention.ms -> 604800000, message.timestamp.difference.max.ms -> 9223372036854775807, segment.index.bytes -> 10485760, flush.messages -> 9223372036854775807}. (kafka.log.LogManager)
[2017-03-14 10:45:34,374] INFO Partition [__consumer_offsets,36] on broker 0: No checkpointed highwatermark is found for partition __consumer_offsets-36 (kafka.cluster.Partition)
[2017-03-14 10:45:34,377] INFO Completed load of log __consumer_offsets-14 with 1 log segments and log end offset 0 in 1 ms (kafka.log.Log)
[2017-03-14 10:45:34,378] INFO Created log for partition [__consumer_offsets,14] in C:\tmp\kafka-logs with properties {compression.type -> producer, message.format.version -> 0.10.2-IV0, file.delete.delay.ms -> 60000, max.message.bytes -> 1000012, min.compaction.lag.ms -> 0, message.timestamp.type -> CreateTime, min.insync.replicas -> 1, segment.jitter.ms -> 0, preallocate -> false, min.cleanable.dirty.ratio -> 0.5, index.interval.bytes -> 4096, unclean.leader.election.enable -> true, retention.bytes -> -1, delete.retention.ms -> 86400000, cleanup.policy -> compact, flush.ms -> 9223372036854775807, segment.ms -> 604800000, segment.bytes -> 104857600, retention.ms -> 604800000, message.timestamp.difference.max.ms -> 9223372036854775807, segment.index.bytes -> 10485760, flush.messages -> 9223372036854775807}. (kafka.log.LogManager)
[2017-03-14 10:45:34,378] INFO Partition [__consumer_offsets,14] on broker 0: No checkpointed highwatermark is found for partition __consumer_offsets-14 (kafka.cluster.Partition)
[2017-03-14 10:45:34,382] INFO Completed load of log __consumer_offsets-33 with 1 log segments and log end offset 0 in 2 ms (kafka.log.Log)
[2017-03-14 10:45:34,383] INFO Created log for partition [__consumer_offsets,33] in C:\tmp\kafka-logs with properties {compression.type -> producer, message.format.version -> 0.10.2-IV0, file.delete.delay.ms -> 60000, max.message.bytes -> 1000012, min.compaction.lag.ms -> 0, message.timestamp.type -> CreateTime, min.insync.replicas -> 1, segment.jitter.ms -> 0, preallocate -> false, min.cleanable.dirty.ratio -> 0.5, index.interval.bytes -> 4096, unclean.leader.election.enable -> true, retention.bytes -> -1, delete.retention.ms -> 86400000, cleanup.policy -> compact, flush.ms -> 9223372036854775807, segment.ms -> 604800000, segment.bytes -> 104857600, retention.ms -> 604800000, message.timestamp.difference.max.ms -> 9223372036854775807, segment.index.bytes -> 10485760, flush.messages -> 9223372036854775807}. (kafka.log.LogManager)
[2017-03-14 10:45:34,383] INFO Partition [__consumer_offsets,33] on broker 0: No checkpointed highwatermark is found for partition __consumer_offsets-33 (kafka.cluster.Partition)
[2017-03-14 10:45:34,387] INFO Completed load of log __consumer_offsets-49 with 1 log segments and log end offset 0 in 2 ms (kafka.log.Log)
[2017-03-14 10:45:34,387] INFO Created log for partition [__consumer_offsets,49] in C:\tmp\kafka-logs with properties {compression.type -> producer, message.format.version -> 0.10.2-IV0, file.delete.delay.ms -> 60000, max.message.bytes -> 1000012, min.compaction.lag.ms -> 0, message.timestamp.type -> CreateTime, min.insync.replicas -> 1, segment.jitter.ms -> 0, preallocate -> false, min.cleanable.dirty.ratio -> 0.5, index.interval.bytes -> 4096, unclean.leader.election.enable -> true, retention.bytes -> -1, delete.retention.ms -> 86400000, cleanup.policy -> compact, flush.ms -> 9223372036854775807, segment.ms -> 604800000, segment.bytes -> 104857600, retention.ms -> 604800000, message.timestamp.difference.max.ms -> 9223372036854775807, segment.index.bytes -> 10485760, flush.messages -> 9223372036854775807}. (kafka.log.LogManager)
[2017-03-14 10:45:34,388] INFO Partition [__consumer_offsets,49] on broker 0: No checkpointed highwatermark is found for partition __consumer_offsets-49 (kafka.cluster.Partition)
[2017-03-14 10:45:34,391] INFO Completed load of log __consumer_offsets-11 with 1 log segments and log end offset 0 in 2 ms (kafka.log.Log)
[2017-03-14 10:45:34,391] INFO Created log for partition [__consumer_offsets,11] in C:\tmp\kafka-logs with properties {compression.type -> producer, message.format.version -> 0.10.2-IV0, file.delete.delay.ms -> 60000, max.message.bytes -> 1000012, min.compaction.lag.ms -> 0, message.timestamp.type -> CreateTime, min.insync.replicas -> 1, segment.jitter.ms -> 0, preallocate -> false, min.cleanable.dirty.ratio -> 0.5, index.interval.bytes -> 4096, unclean.leader.election.enable -> true, retention.bytes -> -1, delete.retention.ms -> 86400000, cleanup.policy -> compact, flush.ms -> 9223372036854775807, segment.ms -> 604800000, segment.bytes -> 104857600, retention.ms -> 604800000, message.timestamp.difference.max.ms -> 9223372036854775807, segment.index.bytes -> 10485760, flush.messages -> 9223372036854775807}. (kafka.log.LogManager)
[2017-03-14 10:45:34,392] INFO Partition [__consumer_offsets,11] on broker 0: No checkpointed highwatermark is found for partition __consumer_offsets-11 (kafka.cluster.Partition)
[2017-03-14 10:45:34,395] INFO Completed load of log __consumer_offsets-30 with 1 log segments and log end offset 0 in 2 ms (kafka.log.Log)
[2017-03-14 10:45:34,395] INFO Created log for partition [__consumer_offsets,30] in C:\tmp\kafka-logs with properties {compression.type -> producer, message.format.version -> 0.10.2-IV0, file.delete.delay.ms -> 60000, max.message.bytes -> 1000012, min.compaction.lag.ms -> 0, message.timestamp.type -> CreateTime, min.insync.replicas -> 1, segment.jitter.ms -> 0, preallocate -> false, min.cleanable.dirty.ratio -> 0.5, index.interval.bytes -> 4096, unclean.leader.election.enable -> true, retention.bytes -> -1, delete.retention.ms -> 86400000, cleanup.policy -> compact, flush.ms -> 9223372036854775807, segment.ms -> 604800000, segment.bytes -> 104857600, retention.ms -> 604800000, message.timestamp.difference.max.ms -> 9223372036854775807, segment.index.bytes -> 10485760, flush.messages -> 9223372036854775807}. (kafka.log.LogManager)
[2017-03-14 10:45:34,396] INFO Partition [__consumer_offsets,30] on broker 0: No checkpointed highwatermark is found for partition __consumer_offsets-30 (kafka.cluster.Partition)
[2017-03-14 10:45:34,399] INFO Completed load of log __consumer_offsets-46 with 1 log segments and log end offset 0 in 1 ms (kafka.log.Log)
[2017-03-14 10:45:34,399] INFO Created log for partition [__consumer_offsets,46] in C:\tmp\kafka-logs with properties {compression.type -> producer, message.format.version -> 0.10.2-IV0, file.delete.delay.ms -> 60000, max.message.bytes -> 1000012, min.compaction.lag.ms -> 0, message.timestamp.type -> CreateTime, min.insync.replicas -> 1, segment.jitter.ms -> 0, preallocate -> false, min.cleanable.dirty.ratio -> 0.5, index.interval.bytes -> 4096, unclean.leader.election.enable -> true, retention.bytes -> -1, delete.retention.ms -> 86400000, cleanup.policy -> compact, flush.ms -> 9223372036854775807, segment.ms -> 604800000, segment.bytes -> 104857600, retention.ms -> 604800000, message.timestamp.difference.max.ms -> 9223372036854775807, segment.index.bytes -> 10485760, flush.messages -> 9223372036854775807}. (kafka.log.LogManager)
[2017-03-14 10:45:34,400] INFO Partition [__consumer_offsets,46] on broker 0: No checkpointed highwatermark is found for partition __consumer_offsets-46 (kafka.cluster.Partition)
[2017-03-14 10:45:34,403] INFO Completed load of log __consumer_offsets-27 with 1 log segments and log end offset 0 in 2 ms (kafka.log.Log)
[2017-03-14 10:45:34,403] INFO Created log for partition [__consumer_offsets,27] in C:\tmp\kafka-logs with properties {compression.type -> producer, message.format.version -> 0.10.2-IV0, file.delete.delay.ms -> 60000, max.message.bytes -> 1000012, min.compaction.lag.ms -> 0, message.timestamp.type -> CreateTime, min.insync.replicas -> 1, segment.jitter.ms -> 0, preallocate -> false, min.cleanable.dirty.ratio -> 0.5, index.interval.bytes -> 4096, unclean.leader.election.enable -> true, retention.bytes -> -1, delete.retention.ms -> 86400000, cleanup.policy -> compact, flush.ms -> 9223372036854775807, segment.ms -> 604800000, segment.bytes -> 104857600, retention.ms -> 604800000, message.timestamp.difference.max.ms -> 9223372036854775807, segment.index.bytes -> 10485760, flush.messages -> 9223372036854775807}. (kafka.log.LogManager)
[2017-03-14 10:45:34,403] INFO Partition [__consumer_offsets,27] on broker 0: No checkpointed highwatermark is found for partition __consumer_offsets-27 (kafka.cluster.Partition)
[2017-03-14 10:45:34,407] INFO Completed load of log __consumer_offsets-8 with 1 log segments and log end offset 0 in 1 ms (kafka.log.Log)
[2017-03-14 10:45:34,407] INFO Created log for partition [__consumer_offsets,8] in C:\tmp\kafka-logs with properties {compression.type -> producer, message.format.version -> 0.10.2-IV0, file.delete.delay.ms -> 60000, max.message.bytes -> 1000012, min.compaction.lag.ms -> 0, message.timestamp.type -> CreateTime, min.insync.replicas -> 1, segment.jitter.ms -> 0, preallocate -> false, min.cleanable.dirty.ratio -> 0.5, index.interval.bytes -> 4096, unclean.leader.election.enable -> true, retention.bytes -> -1, delete.retention.ms -> 86400000, cleanup.policy -> compact, flush.ms -> 9223372036854775807, segment.ms -> 604800000, segment.bytes -> 104857600, retention.ms -> 604800000, message.timestamp.difference.max.ms -> 9223372036854775807, segment.index.bytes -> 10485760, flush.messages -> 9223372036854775807}. (kafka.log.LogManager)
[2017-03-14 10:45:34,407] INFO Partition [__consumer_offsets,8] on broker 0: No checkpointed highwatermark is found for partition __consumer_offsets-8 (kafka.cluster.Partition)
[2017-03-14 10:45:34,411] INFO Completed load of log __consumer_offsets-24 with 1 log segments and log end offset 0 in 2 ms (kafka.log.Log)
[2017-03-14 10:45:34,412] INFO Created log for partition [__consumer_offsets,24] in C:\tmp\kafka-logs with properties {compression.type -> producer, message.format.version -> 0.10.2-IV0, file.delete.delay.ms -> 60000, max.message.bytes -> 1000012, min.compaction.lag.ms -> 0, message.timestamp.type -> CreateTime, min.insync.replicas -> 1, segment.jitter.ms -> 0, preallocate -> false, min.cleanable.dirty.ratio -> 0.5, index.interval.bytes -> 4096, unclean.leader.election.enable -> true, retention.bytes -> -1, delete.retention.ms -> 86400000, cleanup.policy -> compact, flush.ms -> 9223372036854775807, segment.ms -> 604800000, segment.bytes -> 104857600, retention.ms -> 604800000, message.timestamp.difference.max.ms -> 9223372036854775807, segment.index.bytes -> 10485760, flush.messages -> 9223372036854775807}. (kafka.log.LogManager)
[2017-03-14 10:45:34,412] INFO Partition [__consumer_offsets,24] on broker 0: No checkpointed highwatermark is found for partition __consumer_offsets-24 (kafka.cluster.Partition)
[2017-03-14 10:45:34,415] INFO Completed load of log __consumer_offsets-43 with 1 log segments and log end offset 0 in 1 ms (kafka.log.Log)
[2017-03-14 10:45:34,416] INFO Created log for partition [__consumer_offsets,43] in C:\tmp\kafka-logs with properties {compression.type -> producer, message.format.version -> 0.10.2-IV0, file.delete.delay.ms -> 60000, max.message.bytes -> 1000012, min.compaction.lag.ms -> 0, message.timestamp.type -> CreateTime, min.insync.replicas -> 1, segment.jitter.ms -> 0, preallocate -> false, min.cleanable.dirty.ratio -> 0.5, index.interval.bytes -> 4096, unclean.leader.election.enable -> true, retention.bytes -> -1, delete.retention.ms -> 86400000, cleanup.policy -> compact, flush.ms -> 9223372036854775807, segment.ms -> 604800000, segment.bytes -> 104857600, retention.ms -> 604800000, message.timestamp.difference.max.ms -> 9223372036854775807, segment.index.bytes -> 10485760, flush.messages -> 9223372036854775807}. (kafka.log.LogManager)
[2017-03-14 10:45:34,416] INFO Partition [__consumer_offsets,43] on broker 0: No checkpointed highwatermark is found for partition __consumer_offsets-43 (kafka.cluster.Partition)
[2017-03-14 10:45:34,419] INFO Completed load of log __consumer_offsets-5 with 1 log segments and log end offset 0 in 1 ms (kafka.log.Log)
[2017-03-14 10:45:34,420] INFO Created log for partition [__consumer_offsets,5] in C:\tmp\kafka-logs with properties {compression.type -> producer, message.format.version -> 0.10.2-IV0, file.delete.delay.ms -> 60000, max.message.bytes -> 1000012, min.compaction.lag.ms -> 0, message.timestamp.type -> CreateTime, min.insync.replicas -> 1, segment.jitter.ms -> 0, preallocate -> false, min.cleanable.dirty.ratio -> 0.5, index.interval.bytes -> 4096, unclean.leader.election.enable -> true, retention.bytes -> -1, delete.retention.ms -> 86400000, cleanup.policy -> compact, flush.ms -> 9223372036854775807, segment.ms -> 604800000, segment.bytes -> 104857600, retention.ms -> 604800000, message.timestamp.difference.max.ms -> 9223372036854775807, segment.index.bytes -> 10485760, flush.messages -> 9223372036854775807}. (kafka.log.LogManager)
[2017-03-14 10:45:34,420] INFO Partition [__consumer_offsets,5] on broker 0: No checkpointed highwatermark is found for partition __consumer_offsets-5 (kafka.cluster.Partition)
[2017-03-14 10:45:34,423] INFO Completed load of log __consumer_offsets-21 with 1 log segments and log end offset 0 in 1 ms (kafka.log.Log)
[2017-03-14 10:45:34,424] INFO Created log for partition [__consumer_offsets,21] in C:\tmp\kafka-logs with properties {compression.type -> producer, message.format.version -> 0.10.2-IV0, file.delete.delay.ms -> 60000, max.message.bytes -> 1000012, min.compaction.lag.ms -> 0, message.timestamp.type -> CreateTime, min.insync.replicas -> 1, segment.jitter.ms -> 0, preallocate -> false, min.cleanable.dirty.ratio -> 0.5, index.interval.bytes -> 4096, unclean.leader.election.enable -> true, retention.bytes -> -1, delete.retention.ms -> 86400000, cleanup.policy -> compact, flush.ms -> 9223372036854775807, segment.ms -> 604800000, segment.bytes -> 104857600, retention.ms -> 604800000, message.timestamp.difference.max.ms -> 9223372036854775807, segment.index.bytes -> 10485760, flush.messages -> 9223372036854775807}. (kafka.log.LogManager)
[2017-03-14 10:45:34,424] INFO Partition [__consumer_offsets,21] on broker 0: No checkpointed highwatermark is found for partition __consumer_offsets-21 (kafka.cluster.Partition)
[2017-03-14 10:45:34,428] INFO Completed load of log __consumer_offsets-2 with 1 log segments and log end offset 0 in 2 ms (kafka.log.Log)
[2017-03-14 10:45:34,428] INFO Created log for partition [__consumer_offsets,2] in C:\tmp\kafka-logs with properties {compression.type -> producer, message.format.version -> 0.10.2-IV0, file.delete.delay.ms -> 60000, max.message.bytes -> 1000012, min.compaction.lag.ms -> 0, message.timestamp.type -> CreateTime, min.insync.replicas -> 1, segment.jitter.ms -> 0, preallocate -> false, min.cleanable.dirty.ratio -> 0.5, index.interval.bytes -> 4096, unclean.leader.election.enable -> true, retention.bytes -> -1, delete.retention.ms -> 86400000, cleanup.policy -> compact, flush.ms -> 9223372036854775807, segment.ms -> 604800000, segment.bytes -> 104857600, retention.ms -> 604800000, message.timestamp.difference.max.ms -> 9223372036854775807, segment.index.bytes -> 10485760, flush.messages -> 9223372036854775807}. (kafka.log.LogManager)
[2017-03-14 10:45:34,429] INFO Partition [__consumer_offsets,2] on broker 0: No checkpointed highwatermark is found for partition __consumer_offsets-2 (kafka.cluster.Partition)
[2017-03-14 10:45:34,432] INFO Completed load of log __consumer_offsets-40 with 1 log segments and log end offset 0 in 2 ms (kafka.log.Log)
[2017-03-14 10:45:34,432] INFO Created log for partition [__consumer_offsets,40] in C:\tmp\kafka-logs with properties {compression.type -> producer, message.format.version -> 0.10.2-IV0, file.delete.delay.ms -> 60000, max.message.bytes -> 1000012, min.compaction.lag.ms -> 0, message.timestamp.type -> CreateTime, min.insync.replicas -> 1, segment.jitter.ms -> 0, preallocate -> false, min.cleanable.dirty.ratio -> 0.5, index.interval.bytes -> 4096, unclean.leader.election.enable -> true, retention.bytes -> -1, delete.retention.ms -> 86400000, cleanup.policy -> compact, flush.ms -> 9223372036854775807, segment.ms -> 604800000, segment.bytes -> 104857600, retention.ms -> 604800000, message.timestamp.difference.max.ms -> 9223372036854775807, segment.index.bytes -> 10485760, flush.messages -> 9223372036854775807}. (kafka.log.LogManager)
[2017-03-14 10:45:34,432] INFO Partition [__consumer_offsets,40] on broker 0: No checkpointed highwatermark is found for partition __consumer_offsets-40 (kafka.cluster.Partition)
[2017-03-14 10:45:34,436] INFO Completed load of log __consumer_offsets-37 with 1 log segments and log end offset 0 in 1 ms (kafka.log.Log)
[2017-03-14 10:45:34,436] INFO Created log for partition [__consumer_offsets,37] in C:\tmp\kafka-logs with properties {compression.type -> producer, message.format.version -> 0.10.2-IV0, file.delete.delay.ms -> 60000, max.message.bytes -> 1000012, min.compaction.lag.ms -> 0, message.timestamp.type -> CreateTime, min.insync.replicas -> 1, segment.jitter.ms -> 0, preallocate -> false, min.cleanable.dirty.ratio -> 0.5, index.interval.bytes -> 4096, unclean.leader.election.enable -> true, retention.bytes -> -1, delete.retention.ms -> 86400000, cleanup.policy -> compact, flush.ms -> 9223372036854775807, segment.ms -> 604800000, segment.bytes -> 104857600, retention.ms -> 604800000, message.timestamp.difference.max.ms -> 9223372036854775807, segment.index.bytes -> 10485760, flush.messages -> 9223372036854775807}. (kafka.log.LogManager)
[2017-03-14 10:45:34,436] INFO Partition [__consumer_offsets,37] on broker 0: No checkpointed highwatermark is found for partition __consumer_offsets-37 (kafka.cluster.Partition)
[2017-03-14 10:45:34,439] INFO Completed load of log __consumer_offsets-18 with 1 log segments and log end offset 0 in 1 ms (kafka.log.Log)
[2017-03-14 10:45:34,440] INFO Created log for partition [__consumer_offsets,18] in C:\tmp\kafka-logs with properties {compression.type -> producer, message.format.version -> 0.10.2-IV0, file.delete.delay.ms -> 60000, max.message.bytes -> 1000012, min.compaction.lag.ms -> 0, message.timestamp.type -> CreateTime, min.insync.replicas -> 1, segment.jitter.ms -> 0, preallocate -> false, min.cleanable.dirty.ratio -> 0.5, index.interval.bytes -> 4096, unclean.leader.election.enable -> true, retention.bytes -> -1, delete.retention.ms -> 86400000, cleanup.policy -> compact, flush.ms -> 9223372036854775807, segment.ms -> 604800000, segment.bytes -> 104857600, retention.ms -> 604800000, message.timestamp.difference.max.ms -> 9223372036854775807, segment.index.bytes -> 10485760, flush.messages -> 9223372036854775807}. (kafka.log.LogManager)
[2017-03-14 10:45:34,440] INFO Partition [__consumer_offsets,18] on broker 0: No checkpointed highwatermark is found for partition __consumer_offsets-18 (kafka.cluster.Partition)
[2017-03-14 10:45:34,443] INFO Completed load of log __consumer_offsets-34 with 1 log segments and log end offset 0 in 1 ms (kafka.log.Log)
[2017-03-14 10:45:34,443] INFO Created log for partition [__consumer_offsets,34] in C:\tmp\kafka-logs with properties {compression.type -> producer, message.format.version -> 0.10.2-IV0, file.delete.delay.ms -> 60000, max.message.bytes -> 1000012, min.compaction.lag.ms -> 0, message.timestamp.type -> CreateTime, min.insync.replicas -> 1, segment.jitter.ms -> 0, preallocate -> false, min.cleanable.dirty.ratio -> 0.5, index.interval.bytes -> 4096, unclean.leader.election.enable -> true, retention.bytes -> -1, delete.retention.ms -> 86400000, cleanup.policy -> compact, flush.ms -> 9223372036854775807, segment.ms -> 604800000, segment.bytes -> 104857600, retention.ms -> 604800000, message.timestamp.difference.max.ms -> 9223372036854775807, segment.index.bytes -> 10485760, flush.messages -> 9223372036854775807}. (kafka.log.LogManager)
[2017-03-14 10:45:34,444] INFO Partition [__consumer_offsets,34] on broker 0: No checkpointed highwatermark is found for partition __consumer_offsets-34 (kafka.cluster.Partition)
[2017-03-14 10:45:34,447] INFO Completed load of log __consumer_offsets-15 with 1 log segments and log end offset 0 in 2 ms (kafka.log.Log)
[2017-03-14 10:45:34,447] INFO Created log for partition [__consumer_offsets,15] in C:\tmp\kafka-logs with properties {compression.type -> producer, message.format.version -> 0.10.2-IV0, file.delete.delay.ms -> 60000, max.message.bytes -> 1000012, min.compaction.lag.ms -> 0, message.timestamp.type -> CreateTime, min.insync.replicas -> 1, segment.jitter.ms -> 0, preallocate -> false, min.cleanable.dirty.ratio -> 0.5, index.interval.bytes -> 4096, unclean.leader.election.enable -> true, retention.bytes -> -1, delete.retention.ms -> 86400000, cleanup.policy -> compact, flush.ms -> 9223372036854775807, segment.ms -> 604800000, segment.bytes -> 104857600, retention.ms -> 604800000, message.timestamp.difference.max.ms -> 9223372036854775807, segment.index.bytes -> 10485760, flush.messages -> 9223372036854775807}. (kafka.log.LogManager)
[2017-03-14 10:45:34,447] INFO Partition [__consumer_offsets,15] on broker 0: No checkpointed highwatermark is found for partition __consumer_offsets-15 (kafka.cluster.Partition)
[2017-03-14 10:45:34,451] INFO Completed load of log __consumer_offsets-12 with 1 log segments and log end offset 0 in 1 ms (kafka.log.Log)
[2017-03-14 10:45:34,451] INFO Created log for partition [__consumer_offsets,12] in C:\tmp\kafka-logs with properties {compression.type -> producer, message.format.version -> 0.10.2-IV0, file.delete.delay.ms -> 60000, max.message.bytes -> 1000012, min.compaction.lag.ms -> 0, message.timestamp.type -> CreateTime, min.insync.replicas -> 1, segment.jitter.ms -> 0, preallocate -> false, min.cleanable.dirty.ratio -> 0.5, index.interval.bytes -> 4096, unclean.leader.election.enable -> true, retention.bytes -> -1, delete.retention.ms -> 86400000, cleanup.policy -> compact, flush.ms -> 9223372036854775807, segment.ms -> 604800000, segment.bytes -> 104857600, retention.ms -> 604800000, message.timestamp.difference.max.ms -> 9223372036854775807, segment.index.bytes -> 10485760, flush.messages -> 9223372036854775807}. (kafka.log.LogManager)
[2017-03-14 10:45:34,451] INFO Partition [__consumer_offsets,12] on broker 0: No checkpointed highwatermark is found for partition __consumer_offsets-12 (kafka.cluster.Partition)
[2017-03-14 10:45:34,454] INFO Completed load of log __consumer_offsets-31 with 1 log segments and log end offset 0 in 1 ms (kafka.log.Log)
[2017-03-14 10:45:34,455] INFO Created log for partition [__consumer_offsets,31] in C:\tmp\kafka-logs with properties {compression.type -> producer, message.format.version -> 0.10.2-IV0, file.delete.delay.ms -> 60000, max.message.bytes -> 1000012, min.compaction.lag.ms -> 0, message.timestamp.type -> CreateTime, min.insync.replicas -> 1, segment.jitter.ms -> 0, preallocate -> false, min.cleanable.dirty.ratio -> 0.5, index.interval.bytes -> 4096, unclean.leader.election.enable -> true, retention.bytes -> -1, delete.retention.ms -> 86400000, cleanup.policy -> compact, flush.ms -> 9223372036854775807, segment.ms -> 604800000, segment.bytes -> 104857600, retention.ms -> 604800000, message.timestamp.difference.max.ms -> 9223372036854775807, segment.index.bytes -> 10485760, flush.messages -> 9223372036854775807}. (kafka.log.LogManager)
[2017-03-14 10:45:34,455] INFO Partition [__consumer_offsets,31] on broker 0: No checkpointed highwatermark is found for partition __consumer_offsets-31 (kafka.cluster.Partition)
[2017-03-14 10:45:34,459] INFO Completed load of log __consumer_offsets-9 with 1 log segments and log end offset 0 in 2 ms (kafka.log.Log)
[2017-03-14 10:45:34,459] INFO Created log for partition [__consumer_offsets,9] in C:\tmp\kafka-logs with properties {compression.type -> producer, message.format.version -> 0.10.2-IV0, file.delete.delay.ms -> 60000, max.message.bytes -> 1000012, min.compaction.lag.ms -> 0, message.timestamp.type -> CreateTime, min.insync.replicas -> 1, segment.jitter.ms -> 0, preallocate -> false, min.cleanable.dirty.ratio -> 0.5, index.interval.bytes -> 4096, unclean.leader.election.enable -> true, retention.bytes -> -1, delete.retention.ms -> 86400000, cleanup.policy -> compact, flush.ms -> 9223372036854775807, segment.ms -> 604800000, segment.bytes -> 104857600, retention.ms -> 604800000, message.timestamp.difference.max.ms -> 9223372036854775807, segment.index.bytes -> 10485760, flush.messages -> 9223372036854775807}. (kafka.log.LogManager)
[2017-03-14 10:45:34,459] INFO Partition [__consumer_offsets,9] on broker 0: No checkpointed highwatermark is found for partition __consumer_offsets-9 (kafka.cluster.Partition)
[2017-03-14 10:45:34,463] INFO Completed load of log __consumer_offsets-47 with 1 log segments and log end offset 0 in 2 ms (kafka.log.Log)
[2017-03-14 10:45:34,464] INFO Created log for partition [__consumer_offsets,47] in C:\tmp\kafka-logs with properties {compression.type -> producer, message.format.version -> 0.10.2-IV0, file.delete.delay.ms -> 60000, max.message.bytes -> 1000012, min.compaction.lag.ms -> 0, message.timestamp.type -> CreateTime, min.insync.replicas -> 1, segment.jitter.ms -> 0, preallocate -> false, min.cleanable.dirty.ratio -> 0.5, index.interval.bytes -> 4096, unclean.leader.election.enable -> true, retention.bytes -> -1, delete.retention.ms -> 86400000, cleanup.policy -> compact, flush.ms -> 9223372036854775807, segment.ms -> 604800000, segment.bytes -> 104857600, retention.ms -> 604800000, message.timestamp.difference.max.ms -> 9223372036854775807, segment.index.bytes -> 10485760, flush.messages -> 9223372036854775807}. (kafka.log.LogManager)
[2017-03-14 10:45:34,464] INFO Partition [__consumer_offsets,47] on broker 0: No checkpointed highwatermark is found for partition __consumer_offsets-47 (kafka.cluster.Partition)
[2017-03-14 10:45:34,472] INFO Completed load of log __consumer_offsets-19 with 1 log segments and log end offset 0 in 4 ms (kafka.log.Log)
[2017-03-14 10:45:34,473] INFO Created log for partition [__consumer_offsets,19] in C:\tmp\kafka-logs with properties {compression.type -> producer, message.format.version -> 0.10.2-IV0, file.delete.delay.ms -> 60000, max.message.bytes -> 1000012, min.compaction.lag.ms -> 0, message.timestamp.type -> CreateTime, min.insync.replicas -> 1, segment.jitter.ms -> 0, preallocate -> false, min.cleanable.dirty.ratio -> 0.5, index.interval.bytes -> 4096, unclean.leader.election.enable -> true, retention.bytes -> -1, delete.retention.ms -> 86400000, cleanup.policy -> compact, flush.ms -> 9223372036854775807, segment.ms -> 604800000, segment.bytes -> 104857600, retention.ms -> 604800000, message.timestamp.difference.max.ms -> 9223372036854775807, segment.index.bytes -> 10485760, flush.messages -> 9223372036854775807}. (kafka.log.LogManager)
[2017-03-14 10:45:34,473] INFO Partition [__consumer_offsets,19] on broker 0: No checkpointed highwatermark is found for partition __consumer_offsets-19 (kafka.cluster.Partition)
[2017-03-14 10:45:34,479] INFO Completed load of log __consumer_offsets-28 with 1 log segments and log end offset 0 in 2 ms (kafka.log.Log)
[2017-03-14 10:45:34,479] INFO Created log for partition [__consumer_offsets,28] in C:\tmp\kafka-logs with properties {compression.type -> producer, message.format.version -> 0.10.2-IV0, file.delete.delay.ms -> 60000, max.message.bytes -> 1000012, min.compaction.lag.ms -> 0, message.timestamp.type -> CreateTime, min.insync.replicas -> 1, segment.jitter.ms -> 0, preallocate -> false, min.cleanable.dirty.ratio -> 0.5, index.interval.bytes -> 4096, unclean.leader.election.enable -> true, retention.bytes -> -1, delete.retention.ms -> 86400000, cleanup.policy -> compact, flush.ms -> 9223372036854775807, segment.ms -> 604800000, segment.bytes -> 104857600, retention.ms -> 604800000, message.timestamp.difference.max.ms -> 9223372036854775807, segment.index.bytes -> 10485760, flush.messages -> 9223372036854775807}. (kafka.log.LogManager)
[2017-03-14 10:45:34,480] INFO Partition [__consumer_offsets,28] on broker 0: No checkpointed highwatermark is found for partition __consumer_offsets-28 (kafka.cluster.Partition)
[2017-03-14 10:45:34,483] INFO Completed load of log __consumer_offsets-38 with 1 log segments and log end offset 0 in 2 ms (kafka.log.Log)
[2017-03-14 10:45:34,483] INFO Created log for partition [__consumer_offsets,38] in C:\tmp\kafka-logs with properties {compression.type -> producer, message.format.version -> 0.10.2-IV0, file.delete.delay.ms -> 60000, max.message.bytes -> 1000012, min.compaction.lag.ms -> 0, message.timestamp.type -> CreateTime, min.insync.replicas -> 1, segment.jitter.ms -> 0, preallocate -> false, min.cleanable.dirty.ratio -> 0.5, index.interval.bytes -> 4096, unclean.leader.election.enable -> true, retention.bytes -> -1, delete.retention.ms -> 86400000, cleanup.policy -> compact, flush.ms -> 9223372036854775807, segment.ms -> 604800000, segment.bytes -> 104857600, retention.ms -> 604800000, message.timestamp.difference.max.ms -> 9223372036854775807, segment.index.bytes -> 10485760, flush.messages -> 9223372036854775807}. (kafka.log.LogManager)
[2017-03-14 10:45:34,484] INFO Partition [__consumer_offsets,38] on broker 0: No checkpointed highwatermark is found for partition __consumer_offsets-38 (kafka.cluster.Partition)
[2017-03-14 10:45:34,487] INFO Completed load of log __consumer_offsets-35 with 1 log segments and log end offset 0 in 2 ms (kafka.log.Log)
[2017-03-14 10:45:34,487] INFO Created log for partition [__consumer_offsets,35] in C:\tmp\kafka-logs with properties {compression.type -> producer, message.format.version -> 0.10.2-IV0, file.delete.delay.ms -> 60000, max.message.bytes -> 1000012, min.compaction.lag.ms -> 0, message.timestamp.type -> CreateTime, min.insync.replicas -> 1, segment.jitter.ms -> 0, preallocate -> false, min.cleanable.dirty.ratio -> 0.5, index.interval.bytes -> 4096, unclean.leader.election.enable -> true, retention.bytes -> -1, delete.retention.ms -> 86400000, cleanup.policy -> compact, flush.ms -> 9223372036854775807, segment.ms -> 604800000, segment.bytes -> 104857600, retention.ms -> 604800000, message.timestamp.difference.max.ms -> 9223372036854775807, segment.index.bytes -> 10485760, flush.messages -> 9223372036854775807}. (kafka.log.LogManager)
[2017-03-14 10:45:34,488] INFO Partition [__consumer_offsets,35] on broker 0: No checkpointed highwatermark is found for partition __consumer_offsets-35 (kafka.cluster.Partition)
[2017-03-14 10:45:34,491] INFO Completed load of log __consumer_offsets-44 with 1 log segments and log end offset 0 in 2 ms (kafka.log.Log)
[2017-03-14 10:45:34,491] INFO Created log for partition [__consumer_offsets,44] in C:\tmp\kafka-logs with properties {compression.type -> producer, message.format.version -> 0.10.2-IV0, file.delete.delay.ms -> 60000, max.message.bytes -> 1000012, min.compaction.lag.ms -> 0, message.timestamp.type -> CreateTime, min.insync.replicas -> 1, segment.jitter.ms -> 0, preallocate -> false, min.cleanable.dirty.ratio -> 0.5, index.interval.bytes -> 4096, unclean.leader.election.enable -> true, retention.bytes -> -1, delete.retention.ms -> 86400000, cleanup.policy -> compact, flush.ms -> 9223372036854775807, segment.ms -> 604800000, segment.bytes -> 104857600, retention.ms -> 604800000, message.timestamp.difference.max.ms -> 9223372036854775807, segment.index.bytes -> 10485760, flush.messages -> 9223372036854775807}. (kafka.log.LogManager)
[2017-03-14 10:45:34,491] INFO Partition [__consumer_offsets,44] on broker 0: No checkpointed highwatermark is found for partition __consumer_offsets-44 (kafka.cluster.Partition)
[2017-03-14 10:45:34,495] INFO Completed load of log __consumer_offsets-6 with 1 log segments and log end offset 0 in 2 ms (kafka.log.Log)
[2017-03-14 10:45:34,495] INFO Created log for partition [__consumer_offsets,6] in C:\tmp\kafka-logs with properties {compression.type -> producer, message.format.version -> 0.10.2-IV0, file.delete.delay.ms -> 60000, max.message.bytes -> 1000012, min.compaction.lag.ms -> 0, message.timestamp.type -> CreateTime, min.insync.replicas -> 1, segment.jitter.ms -> 0, preallocate -> false, min.cleanable.dirty.ratio -> 0.5, index.interval.bytes -> 4096, unclean.leader.election.enable -> true, retention.bytes -> -1, delete.retention.ms -> 86400000, cleanup.policy -> compact, flush.ms -> 9223372036854775807, segment.ms -> 604800000, segment.bytes -> 104857600, retention.ms -> 604800000, message.timestamp.difference.max.ms -> 9223372036854775807, segment.index.bytes -> 10485760, flush.messages -> 9223372036854775807}. (kafka.log.LogManager)
[2017-03-14 10:45:34,495] INFO Partition [__consumer_offsets,6] on broker 0: No checkpointed highwatermark is found for partition __consumer_offsets-6 (kafka.cluster.Partition)
[2017-03-14 10:45:34,499] INFO Completed load of log __consumer_offsets-25 with 1 log segments and log end offset 0 in 2 ms (kafka.log.Log)
[2017-03-14 10:45:34,499] INFO Created log for partition [__consumer_offsets,25] in C:\tmp\kafka-logs with properties {compression.type -> producer, message.format.version -> 0.10.2-IV0, file.delete.delay.ms -> 60000, max.message.bytes -> 1000012, min.compaction.lag.ms -> 0, message.timestamp.type -> CreateTime, min.insync.replicas -> 1, segment.jitter.ms -> 0, preallocate -> false, min.cleanable.dirty.ratio -> 0.5, index.interval.bytes -> 4096, unclean.leader.election.enable -> true, retention.bytes -> -1, delete.retention.ms -> 86400000, cleanup.policy -> compact, flush.ms -> 9223372036854775807, segment.ms -> 604800000, segment.bytes -> 104857600, retention.ms -> 604800000, message.timestamp.difference.max.ms -> 9223372036854775807, segment.index.bytes -> 10485760, flush.messages -> 9223372036854775807}. (kafka.log.LogManager)
[2017-03-14 10:45:34,499] INFO Partition [__consumer_offsets,25] on broker 0: No checkpointed highwatermark is found for partition __consumer_offsets-25 (kafka.cluster.Partition)
[2017-03-14 10:45:34,502] INFO Completed load of log __consumer_offsets-16 with 1 log segments and log end offset 0 in 1 ms (kafka.log.Log)
[2017-03-14 10:45:34,503] INFO Created log for partition [__consumer_offsets,16] in C:\tmp\kafka-logs with properties {compression.type -> producer, message.format.version -> 0.10.2-IV0, file.delete.delay.ms -> 60000, max.message.bytes -> 1000012, min.compaction.lag.ms -> 0, message.timestamp.type -> CreateTime, min.insync.replicas -> 1, segment.jitter.ms -> 0, preallocate -> false, min.cleanable.dirty.ratio -> 0.5, index.interval.bytes -> 4096, unclean.leader.election.enable -> true, retention.bytes -> -1, delete.retention.ms -> 86400000, cleanup.policy -> compact, flush.ms -> 9223372036854775807, segment.ms -> 604800000, segment.bytes -> 104857600, retention.ms -> 604800000, message.timestamp.difference.max.ms -> 9223372036854775807, segment.index.bytes -> 10485760, flush.messages -> 9223372036854775807}. (kafka.log.LogManager)
[2017-03-14 10:45:34,503] INFO Partition [__consumer_offsets,16] on broker 0: No checkpointed highwatermark is found for partition __consumer_offsets-16 (kafka.cluster.Partition)
[2017-03-14 10:45:34,506] INFO Completed load of log __consumer_offsets-22 with 1 log segments and log end offset 0 in 1 ms (kafka.log.Log)
[2017-03-14 10:45:34,507] INFO Created log for partition [__consumer_offsets,22] in C:\tmp\kafka-logs with properties {compression.type -> producer, message.format.version -> 0.10.2-IV0, file.delete.delay.ms -> 60000, max.message.bytes -> 1000012, min.compaction.lag.ms -> 0, message.timestamp.type -> CreateTime, min.insync.replicas -> 1, segment.jitter.ms -> 0, preallocate -> false, min.cleanable.dirty.ratio -> 0.5, index.interval.bytes -> 4096, unclean.leader.election.enable -> true, retention.bytes -> -1, delete.retention.ms -> 86400000, cleanup.policy -> compact, flush.ms -> 9223372036854775807, segment.ms -> 604800000, segment.bytes -> 104857600, retention.ms -> 604800000, message.timestamp.difference.max.ms -> 9223372036854775807, segment.index.bytes -> 10485760, flush.messages -> 9223372036854775807}. (kafka.log.LogManager)
[2017-03-14 10:45:34,507] INFO Partition [__consumer_offsets,22] on broker 0: No checkpointed highwatermark is found for partition __consumer_offsets-22 (kafka.cluster.Partition)
[2017-03-14 10:45:34,510] INFO Completed load of log __consumer_offsets-41 with 1 log segments and log end offset 0 in 1 ms (kafka.log.Log)
[2017-03-14 10:45:34,511] INFO Created log for partition [__consumer_offsets,41] in C:\tmp\kafka-logs with properties {compression.type -> producer, message.format.version -> 0.10.2-IV0, file.delete.delay.ms -> 60000, max.message.bytes -> 1000012, min.compaction.lag.ms -> 0, message.timestamp.type -> CreateTime, min.insync.replicas -> 1, segment.jitter.ms -> 0, preallocate -> false, min.cleanable.dirty.ratio -> 0.5, index.interval.bytes -> 4096, unclean.leader.election.enable -> true, retention.bytes -> -1, delete.retention.ms -> 86400000, cleanup.policy -> compact, flush.ms -> 9223372036854775807, segment.ms -> 604800000, segment.bytes -> 104857600, retention.ms -> 604800000, message.timestamp.difference.max.ms -> 9223372036854775807, segment.index.bytes -> 10485760, flush.messages -> 9223372036854775807}. (kafka.log.LogManager)
[2017-03-14 10:45:34,511] INFO Partition [__consumer_offsets,41] on broker 0: No checkpointed highwatermark is found for partition __consumer_offsets-41 (kafka.cluster.Partition)
[2017-03-14 10:45:34,514] INFO Completed load of log __consumer_offsets-32 with 1 log segments and log end offset 0 in 1 ms (kafka.log.Log)
[2017-03-14 10:45:34,515] INFO Created log for partition [__consumer_offsets,32] in C:\tmp\kafka-logs with properties {compression.type -> producer, message.format.version -> 0.10.2-IV0, file.delete.delay.ms -> 60000, max.message.bytes -> 1000012, min.compaction.lag.ms -> 0, message.timestamp.type -> CreateTime, min.insync.replicas -> 1, segment.jitter.ms -> 0, preallocate -> false, min.cleanable.dirty.ratio -> 0.5, index.interval.bytes -> 4096, unclean.leader.election.enable -> true, retention.bytes -> -1, delete.retention.ms -> 86400000, cleanup.policy -> compact, flush.ms -> 9223372036854775807, segment.ms -> 604800000, segment.bytes -> 104857600, retention.ms -> 604800000, message.timestamp.difference.max.ms -> 9223372036854775807, segment.index.bytes -> 10485760, flush.messages -> 9223372036854775807}. (kafka.log.LogManager)
[2017-03-14 10:45:34,515] INFO Partition [__consumer_offsets,32] on broker 0: No checkpointed highwatermark is found for partition __consumer_offsets-32 (kafka.cluster.Partition)
[2017-03-14 10:45:34,518] INFO Completed load of log __consumer_offsets-3 with 1 log segments and log end offset 0 in 1 ms (kafka.log.Log)
[2017-03-14 10:45:34,519] INFO Created log for partition [__consumer_offsets,3] in C:\tmp\kafka-logs with properties {compression.type -> producer, message.format.version -> 0.10.2-IV0, file.delete.delay.ms -> 60000, max.message.bytes -> 1000012, min.compaction.lag.ms -> 0, message.timestamp.type -> CreateTime, min.insync.replicas -> 1, segment.jitter.ms -> 0, preallocate -> false, min.cleanable.dirty.ratio -> 0.5, index.interval.bytes -> 4096, unclean.leader.election.enable -> true, retention.bytes -> -1, delete.retention.ms -> 86400000, cleanup.policy -> compact, flush.ms -> 9223372036854775807, segment.ms -> 604800000, segment.bytes -> 104857600, retention.ms -> 604800000, message.timestamp.difference.max.ms -> 9223372036854775807, segment.index.bytes -> 10485760, flush.messages -> 9223372036854775807}. (kafka.log.LogManager)
[2017-03-14 10:45:34,519] INFO Partition [__consumer_offsets,3] on broker 0: No checkpointed highwatermark is found for partition __consumer_offsets-3 (kafka.cluster.Partition)
[2017-03-14 10:45:34,523] INFO Completed load of log __consumer_offsets-13 with 1 log segments and log end offset 0 in 2 ms (kafka.log.Log)
[2017-03-14 10:45:34,523] INFO Created log for partition [__consumer_offsets,13] in C:\tmp\kafka-logs with properties {compression.type -> producer, message.format.version -> 0.10.2-IV0, file.delete.delay.ms -> 60000, max.message.bytes -> 1000012, min.compaction.lag.ms -> 0, message.timestamp.type -> CreateTime, min.insync.replicas -> 1, segment.jitter.ms -> 0, preallocate -> false, min.cleanable.dirty.ratio -> 0.5, index.interval.bytes -> 4096, unclean.leader.election.enable -> true, retention.bytes -> -1, delete.retention.ms -> 86400000, cleanup.policy -> compact, flush.ms -> 9223372036854775807, segment.ms -> 604800000, segment.bytes -> 104857600, retention.ms -> 604800000, message.timestamp.difference.max.ms -> 9223372036854775807, segment.index.bytes -> 10485760, flush.messages -> 9223372036854775807}. (kafka.log.LogManager)
[2017-03-14 10:45:34,524] INFO Partition [__consumer_offsets,13] on broker 0: No checkpointed highwatermark is found for partition __consumer_offsets-13 (kafka.cluster.Partition)
[2017-03-14 10:45:34,528] INFO [Group Metadata Manager on Broker 0]: Loading offsets and group metadata from __consumer_offsets-22 (kafka.coordinator.GroupMetadataManager)
[2017-03-14 10:45:34,543] INFO [Group Metadata Manager on Broker 0]: Finished loading offsets from __consumer_offsets-22 in 14 milliseconds. (kafka.coordinator.GroupMetadataManager)
[2017-03-14 10:45:34,544] INFO [Group Metadata Manager on Broker 0]: Loading offsets and group metadata from __consumer_offsets-25 (kafka.coordinator.GroupMetadataManager)
[2017-03-14 10:45:34,546] INFO [Group Metadata Manager on Broker 0]: Finished loading offsets from __consumer_offsets-25 in 2 milliseconds. (kafka.coordinator.GroupMetadataManager)
[2017-03-14 10:45:34,546] INFO [Group Metadata Manager on Broker 0]: Loading offsets and group metadata from __consumer_offsets-28 (kafka.coordinator.GroupMetadataManager)
[2017-03-14 10:45:34,547] INFO [Group Metadata Manager on Broker 0]: Finished loading offsets from __consumer_offsets-28 in 1 milliseconds. (kafka.coordinator.GroupMetadataManager)
[2017-03-14 10:45:34,547] INFO [Group Metadata Manager on Broker 0]: Loading offsets and group metadata from __consumer_offsets-31 (kafka.coordinator.GroupMetadataManager)
[2017-03-14 10:45:34,549] INFO [Group Metadata Manager on Broker 0]: Finished loading offsets from __consumer_offsets-31 in 2 milliseconds. (kafka.coordinator.GroupMetadataManager)
[2017-03-14 10:45:34,549] INFO [Group Metadata Manager on Broker 0]: Loading offsets and group metadata from __consumer_offsets-34 (kafka.coordinator.GroupMetadataManager)
[2017-03-14 10:45:34,550] INFO [Group Metadata Manager on Broker 0]: Finished loading offsets from __consumer_offsets-34 in 1 milliseconds. (kafka.coordinator.GroupMetadataManager)
[2017-03-14 10:45:34,550] INFO [Group Metadata Manager on Broker 0]: Loading offsets and group metadata from __consumer_offsets-37 (kafka.coordinator.GroupMetadataManager)
[2017-03-14 10:45:34,551] INFO [Group Metadata Manager on Broker 0]: Finished loading offsets from __consumer_offsets-37 in 1 milliseconds. (kafka.coordinator.GroupMetadataManager)
[2017-03-14 10:45:34,551] INFO [Group Metadata Manager on Broker 0]: Loading offsets and group metadata from __consumer_offsets-40 (kafka.coordinator.GroupMetadataManager)
[2017-03-14 10:45:34,553] INFO [Group Metadata Manager on Broker 0]: Finished loading offsets from __consumer_offsets-40 in 1 milliseconds. (kafka.coordinator.GroupMetadataManager)
[2017-03-14 10:45:34,553] INFO [Group Metadata Manager on Broker 0]: Loading offsets and group metadata from __consumer_offsets-43 (kafka.coordinator.GroupMetadataManager)
[2017-03-14 10:45:34,554] INFO [Group Metadata Manager on Broker 0]: Finished loading offsets from __consumer_offsets-43 in 1 milliseconds. (kafka.coordinator.GroupMetadataManager)
[2017-03-14 10:45:34,554] INFO [Group Metadata Manager on Broker 0]: Loading offsets and group metadata from __consumer_offsets-46 (kafka.coordinator.GroupMetadataManager)
[2017-03-14 10:45:34,555] INFO [Group Metadata Manager on Broker 0]: Finished loading offsets from __consumer_offsets-46 in 1 milliseconds. (kafka.coordinator.GroupMetadataManager)
[2017-03-14 10:45:34,556] INFO [Group Metadata Manager on Broker 0]: Loading offsets and group metadata from __consumer_offsets-49 (kafka.coordinator.GroupMetadataManager)
[2017-03-14 10:45:34,558] INFO [Group Metadata Manager on Broker 0]: Finished loading offsets from __consumer_offsets-49 in 2 milliseconds. (kafka.coordinator.GroupMetadataManager)
[2017-03-14 10:45:34,558] INFO [Group Metadata Manager on Broker 0]: Loading offsets and group metadata from __consumer_offsets-41 (kafka.coordinator.GroupMetadataManager)
[2017-03-14 10:45:34,560] INFO [Group Metadata Manager on Broker 0]: Finished loading offsets from __consumer_offsets-41 in 2 milliseconds. (kafka.coordinator.GroupMetadataManager)
[2017-03-14 10:45:34,560] INFO [Group Metadata Manager on Broker 0]: Loading offsets and group metadata from __consumer_offsets-44 (kafka.coordinator.GroupMetadataManager)
[2017-03-14 10:45:34,563] INFO [Group Metadata Manager on Broker 0]: Finished loading offsets from __consumer_offsets-44 in 3 milliseconds. (kafka.coordinator.GroupMetadataManager)
[2017-03-14 10:45:34,563] INFO [Group Metadata Manager on Broker 0]: Loading offsets and group metadata from __consumer_offsets-47 (kafka.coordinator.GroupMetadataManager)
[2017-03-14 10:45:34,566] INFO [Group Metadata Manager on Broker 0]: Finished loading offsets from __consumer_offsets-47 in 3 milliseconds. (kafka.coordinator.GroupMetadataManager)
[2017-03-14 10:45:34,566] INFO [Group Metadata Manager on Broker 0]: Loading offsets and group metadata from __consumer_offsets-1 (kafka.coordinator.GroupMetadataManager)
[2017-03-14 10:45:34,571] INFO [Group Metadata Manager on Broker 0]: Finished loading offsets from __consumer_offsets-1 in 4 milliseconds. (kafka.coordinator.GroupMetadataManager)
[2017-03-14 10:45:34,571] INFO [Group Metadata Manager on Broker 0]: Loading offsets and group metadata from __consumer_offsets-4 (kafka.coordinator.GroupMetadataManager)
[2017-03-14 10:45:34,573] INFO [Group Metadata Manager on Broker 0]: Finished loading offsets from __consumer_offsets-4 in 2 milliseconds. (kafka.coordinator.GroupMetadataManager)
[2017-03-14 10:45:34,573] INFO [Group Metadata Manager on Broker 0]: Loading offsets and group metadata from __consumer_offsets-7 (kafka.coordinator.GroupMetadataManager)
[2017-03-14 10:45:34,578] INFO [Group Metadata Manager on Broker 0]: Finished loading offsets from __consumer_offsets-7 in 5 milliseconds. (kafka.coordinator.GroupMetadataManager)
[2017-03-14 10:45:34,578] INFO [Group Metadata Manager on Broker 0]: Loading offsets and group metadata from __consumer_offsets-10 (kafka.coordinator.GroupMetadataManager)
[2017-03-14 10:45:34,581] INFO [Group Metadata Manager on Broker 0]: Finished loading offsets from __consumer_offsets-10 in 3 milliseconds. (kafka.coordinator.GroupMetadataManager)
[2017-03-14 10:45:34,582] INFO [Group Metadata Manager on Broker 0]: Loading offsets and group metadata from __consumer_offsets-13 (kafka.coordinator.GroupMetadataManager)
[2017-03-14 10:45:34,584] INFO [Group Metadata Manager on Broker 0]: Finished loading offsets from __consumer_offsets-13 in 2 milliseconds. (kafka.coordinator.GroupMetadataManager)
[2017-03-14 10:45:34,585] INFO [Group Metadata Manager on Broker 0]: Loading offsets and group metadata from __consumer_offsets-16 (kafka.coordinator.GroupMetadataManager)
[2017-03-14 10:45:34,588] INFO [Group Metadata Manager on Broker 0]: Finished loading offsets from __consumer_offsets-16 in 3 milliseconds. (kafka.coordinator.GroupMetadataManager)
[2017-03-14 10:45:34,588] INFO [Group Metadata Manager on Broker 0]: Loading offsets and group metadata from __consumer_offsets-19 (kafka.coordinator.GroupMetadataManager)
[2017-03-14 10:45:34,591] INFO [Group Metadata Manager on Broker 0]: Finished loading offsets from __consumer_offsets-19 in 3 milliseconds. (kafka.coordinator.GroupMetadataManager)
[2017-03-14 10:45:34,591] INFO [Group Metadata Manager on Broker 0]: Loading offsets and group metadata from __consumer_offsets-2 (kafka.coordinator.GroupMetadataManager)
[2017-03-14 10:45:34,593] INFO [Group Metadata Manager on Broker 0]: Finished loading offsets from __consumer_offsets-2 in 2 milliseconds. (kafka.coordinator.GroupMetadataManager)
[2017-03-14 10:45:34,593] INFO [Group Metadata Manager on Broker 0]: Loading offsets and group metadata from __consumer_offsets-5 (kafka.coordinator.GroupMetadataManager)
[2017-03-14 10:45:34,595] INFO [Group Metadata Manager on Broker 0]: Finished loading offsets from __consumer_offsets-5 in 2 milliseconds. (kafka.coordinator.GroupMetadataManager)
[2017-03-14 10:45:34,596] INFO [Group Metadata Manager on Broker 0]: Loading offsets and group metadata from __consumer_offsets-8 (kafka.coordinator.GroupMetadataManager)
[2017-03-14 10:45:34,598] INFO [Group Metadata Manager on Broker 0]: Finished loading offsets from __consumer_offsets-8 in 2 milliseconds. (kafka.coordinator.GroupMetadataManager)
[2017-03-14 10:45:34,598] INFO [Group Metadata Manager on Broker 0]: Loading offsets and group metadata from __consumer_offsets-11 (kafka.coordinator.GroupMetadataManager)
[2017-03-14 10:45:34,601] INFO [Group Metadata Manager on Broker 0]: Finished loading offsets from __consumer_offsets-11 in 3 milliseconds. (kafka.coordinator.GroupMetadataManager)
[2017-03-14 10:45:34,601] INFO [Group Metadata Manager on Broker 0]: Loading offsets and group metadata from __consumer_offsets-14 (kafka.coordinator.GroupMetadataManager)
[2017-03-14 10:45:34,603] INFO [Group Metadata Manager on Broker 0]: Finished loading offsets from __consumer_offsets-14 in 2 milliseconds. (kafka.coordinator.GroupMetadataManager)
[2017-03-14 10:45:34,604] INFO [Group Metadata Manager on Broker 0]: Loading offsets and group metadata from __consumer_offsets-17 (kafka.coordinator.GroupMetadataManager)
[2017-03-14 10:45:34,606] INFO [Group Metadata Manager on Broker 0]: Finished loading offsets from __consumer_offsets-17 in 2 milliseconds. (kafka.coordinator.GroupMetadataManager)
[2017-03-14 10:45:34,606] INFO [Group Metadata Manager on Broker 0]: Loading offsets and group metadata from __consumer_offsets-20 (kafka.coordinator.GroupMetadataManager)
[2017-03-14 10:45:34,608] INFO [Group Metadata Manager on Broker 0]: Finished loading offsets from __consumer_offsets-20 in 2 milliseconds. (kafka.coordinator.GroupMetadataManager)
[2017-03-14 10:45:34,608] INFO [Group Metadata Manager on Broker 0]: Loading offsets and group metadata from __consumer_offsets-23 (kafka.coordinator.GroupMetadataManager)
[2017-03-14 10:45:34,611] INFO [Group Metadata Manager on Broker 0]: Finished loading offsets from __consumer_offsets-23 in 3 milliseconds. (kafka.coordinator.GroupMetadataManager)
[2017-03-14 10:45:34,611] INFO [Group Metadata Manager on Broker 0]: Loading offsets and group metadata from __consumer_offsets-26 (kafka.coordinator.GroupMetadataManager)
[2017-03-14 10:45:34,613] INFO [Group Metadata Manager on Broker 0]: Finished loading offsets from __consumer_offsets-26 in 2 milliseconds. (kafka.coordinator.GroupMetadataManager)
[2017-03-14 10:45:34,613] INFO [Group Metadata Manager on Broker 0]: Loading offsets and group metadata from __consumer_offsets-29 (kafka.coordinator.GroupMetadataManager)
[2017-03-14 10:45:34,615] INFO [Group Metadata Manager on Broker 0]: Finished loading offsets from __consumer_offsets-29 in 2 milliseconds. (kafka.coordinator.GroupMetadataManager)
[2017-03-14 10:45:34,616] INFO [Group Metadata Manager on Broker 0]: Loading offsets and group metadata from __consumer_offsets-32 (kafka.coordinator.GroupMetadataManager)
[2017-03-14 10:45:34,618] INFO [Group Metadata Manager on Broker 0]: Finished loading offsets from __consumer_offsets-32 in 2 milliseconds. (kafka.coordinator.GroupMetadataManager)
[2017-03-14 10:45:34,618] INFO [Group Metadata Manager on Broker 0]: Loading offsets and group metadata from __consumer_offsets-35 (kafka.coordinator.GroupMetadataManager)
[2017-03-14 10:45:34,621] INFO [Group Metadata Manager on Broker 0]: Finished loading offsets from __consumer_offsets-35 in 2 milliseconds. (kafka.coordinator.GroupMetadataManager)
[2017-03-14 10:45:34,621] INFO [Group Metadata Manager on Broker 0]: Loading offsets and group metadata from __consumer_offsets-38 (kafka.coordinator.GroupMetadataManager)
[2017-03-14 10:45:34,623] INFO [Group Metadata Manager on Broker 0]: Finished loading offsets from __consumer_offsets-38 in 2 milliseconds. (kafka.coordinator.GroupMetadataManager)
[2017-03-14 10:45:34,623] INFO [Group Metadata Manager on Broker 0]: Loading offsets and group metadata from __consumer_offsets-0 (kafka.coordinator.GroupMetadataManager)
[2017-03-14 10:45:34,625] INFO [Group Metadata Manager on Broker 0]: Finished loading offsets from __consumer_offsets-0 in 2 milliseconds. (kafka.coordinator.GroupMetadataManager)
[2017-03-14 10:45:34,625] INFO [Group Metadata Manager on Broker 0]: Loading offsets and group metadata from __consumer_offsets-3 (kafka.coordinator.GroupMetadataManager)
[2017-03-14 10:45:34,627] INFO [Group Metadata Manager on Broker 0]: Finished loading offsets from __consumer_offsets-3 in 1 milliseconds. (kafka.coordinator.GroupMetadataManager)
[2017-03-14 10:45:34,627] INFO [Group Metadata Manager on Broker 0]: Loading offsets and group metadata from __consumer_offsets-6 (kafka.coordinator.GroupMetadataManager)
[2017-03-14 10:45:34,629] INFO [Group Metadata Manager on Broker 0]: Finished loading offsets from __consumer_offsets-6 in 2 milliseconds. (kafka.coordinator.GroupMetadataManager)
[2017-03-14 10:45:34,629] INFO [Group Metadata Manager on Broker 0]: Loading offsets and group metadata from __consumer_offsets-9 (kafka.coordinator.GroupMetadataManager)
[2017-03-14 10:45:34,631] INFO [Group Metadata Manager on Broker 0]: Finished loading offsets from __consumer_offsets-9 in 2 milliseconds. (kafka.coordinator.GroupMetadataManager)
[2017-03-14 10:45:34,631] INFO [Group Metadata Manager on Broker 0]: Loading offsets and group metadata from __consumer_offsets-12 (kafka.coordinator.GroupMetadataManager)
[2017-03-14 10:45:34,636] INFO [Group Metadata Manager on Broker 0]: Finished loading offsets from __consumer_offsets-12 in 5 milliseconds. (kafka.coordinator.GroupMetadataManager)
[2017-03-14 10:45:34,636] INFO [Group Metadata Manager on Broker 0]: Loading offsets and group metadata from __consumer_offsets-15 (kafka.coordinator.GroupMetadataManager)
[2017-03-14 10:45:34,637] INFO [Group Metadata Manager on Broker 0]: Finished loading offsets from __consumer_offsets-15 in 0 milliseconds. (kafka.coordinator.GroupMetadataManager)
[2017-03-14 10:45:34,637] INFO [Group Metadata Manager on Broker 0]: Loading offsets and group metadata from __consumer_offsets-18 (kafka.coordinator.GroupMetadataManager)
[2017-03-14 10:45:34,637] INFO [Group Metadata Manager on Broker 0]: Finished loading offsets from __consumer_offsets-18 in 0 milliseconds. (kafka.coordinator.GroupMetadataManager)
[2017-03-14 10:45:34,637] INFO [Group Metadata Manager on Broker 0]: Loading offsets and group metadata from __consumer_offsets-21 (kafka.coordinator.GroupMetadataManager)
[2017-03-14 10:45:34,638] INFO [Group Metadata Manager on Broker 0]: Finished loading offsets from __consumer_offsets-21 in 0 milliseconds. (kafka.coordinator.GroupMetadataManager)
[2017-03-14 10:45:34,638] INFO [Group Metadata Manager on Broker 0]: Loading offsets and group metadata from __consumer_offsets-24 (kafka.coordinator.GroupMetadataManager)
[2017-03-14 10:45:34,638] INFO [Group Metadata Manager on Broker 0]: Finished loading offsets from __consumer_offsets-24 in 0 milliseconds. (kafka.coordinator.GroupMetadataManager)
[2017-03-14 10:45:34,638] INFO [Group Metadata Manager on Broker 0]: Loading offsets and group metadata from __consumer_offsets-27 (kafka.coordinator.GroupMetadataManager)
[2017-03-14 10:45:34,639] INFO [Group Metadata Manager on Broker 0]: Finished loading offsets from __consumer_offsets-27 in 1 milliseconds. (kafka.coordinator.GroupMetadataManager)
[2017-03-14 10:45:34,639] INFO [Group Metadata Manager on Broker 0]: Loading offsets and group metadata from __consumer_offsets-30 (kafka.coordinator.GroupMetadataManager)
[2017-03-14 10:45:34,639] INFO [Group Metadata Manager on Broker 0]: Finished loading offsets from __consumer_offsets-30 in 0 milliseconds. (kafka.coordinator.GroupMetadataManager)
[2017-03-14 10:45:34,639] INFO [Group Metadata Manager on Broker 0]: Loading offsets and group metadata from __consumer_offsets-33 (kafka.coordinator.GroupMetadataManager)
[2017-03-14 10:45:34,640] INFO [Group Metadata Manager on Broker 0]: Finished loading offsets from __consumer_offsets-33 in 1 milliseconds. (kafka.coordinator.GroupMetadataManager)
[2017-03-14 10:45:34,640] INFO [Group Metadata Manager on Broker 0]: Loading offsets and group metadata from __consumer_offsets-36 (kafka.coordinator.GroupMetadataManager)
[2017-03-14 10:45:34,640] INFO [Group Metadata Manager on Broker 0]: Finished loading offsets from __consumer_offsets-36 in 0 milliseconds. (kafka.coordinator.GroupMetadataManager)
[2017-03-14 10:45:34,640] INFO [Group Metadata Manager on Broker 0]: Loading offsets and group metadata from __consumer_offsets-39 (kafka.coordinator.GroupMetadataManager)
[2017-03-14 10:45:34,641] INFO [Group Metadata Manager on Broker 0]: Finished loading offsets from __consumer_offsets-39 in 1 milliseconds. (kafka.coordinator.GroupMetadataManager)
[2017-03-14 10:45:34,641] INFO [Group Metadata Manager on Broker 0]: Loading offsets and group metadata from __consumer_offsets-42 (kafka.coordinator.GroupMetadataManager)
[2017-03-14 10:45:34,641] INFO [Group Metadata Manager on Broker 0]: Finished loading offsets from __consumer_offsets-42 in 0 milliseconds. (kafka.coordinator.GroupMetadataManager)
[2017-03-14 10:45:34,641] INFO [Group Metadata Manager on Broker 0]: Loading offsets and group metadata from __consumer_offsets-45 (kafka.coordinator.GroupMetadataManager)
[2017-03-14 10:45:34,641] INFO [Group Metadata Manager on Broker 0]: Finished loading offsets from __consumer_offsets-45 in 0 milliseconds. (kafka.coordinator.GroupMetadataManager)
[2017-03-14 10:45:34,641] INFO [Group Metadata Manager on Broker 0]: Loading offsets and group metadata from __consumer_offsets-48 (kafka.coordinator.GroupMetadataManager)
[2017-03-14 10:45:34,642] INFO [Group Metadata Manager on Broker 0]: Finished loading offsets from __consumer_offsets-48 in 0 milliseconds. (kafka.coordinator.GroupMetadataManager)
[2017-03-14 10:45:34,706] INFO [GroupCoordinator 0]: Preparing to restabilize group anonymous.663b1b5e-3b24-4d10-9d50-d9fb6c262e91 with old generation 0 (kafka.coordinator.GroupCoordinator)
[2017-03-14 10:45:34,719] INFO [GroupCoordinator 0]: Stabilized group anonymous.663b1b5e-3b24-4d10-9d50-d9fb6c262e91 generation 1 (kafka.coordinator.GroupCoordinator)
[2017-03-14 10:45:34,743] INFO [GroupCoordinator 0]: Assignment received from leader for group anonymous.663b1b5e-3b24-4d10-9d50-d9fb6c262e91 for generation 1 (kafka.coordinator.GroupCoordinator)
